ARM GAS  C:\Users\Lloyd\AppData\Local\Temp\ccEl5tEh.s 			page 1


   1              		.syntax unified
   2              		.cpu cortex-m3
   3              		.fpu softvfp
   4              		.eabi_attribute 20, 1
   5              		.eabi_attribute 21, 1
   6              		.eabi_attribute 23, 3
   7              		.eabi_attribute 24, 1
   8              		.eabi_attribute 25, 1
   9              		.eabi_attribute 26, 1
  10              		.eabi_attribute 30, 6
  11              		.eabi_attribute 34, 1
  12              		.eabi_attribute 18, 4
  13              		.thumb
  14              		.file	"base_motion.c"
  15              		.text
  16              	.Ltext0:
  17              		.cfi_sections	.debug_frame
  18              		.section	.text.baseMotion_Start,"ax",%progbits
  19              		.align	2
  20              		.global	baseMotion_Start
  21              		.thumb
  22              		.thumb_func
  23              		.type	baseMotion_Start, %function
  24              	baseMotion_Start:
  25              	.LFB56:
  26              		.file 1 ".\\base_motion.c"
   1:.\base_motion.c **** /*
   2:.\base_motion.c **** BotPsoc - Low level logic and drivers for SRSPiBot Robot
   3:.\base_motion.c **** Copyright (C) 2013  Lloyd Moore, CyberData Corporation
   4:.\base_motion.c **** 
   5:.\base_motion.c **** This program is free software: you can redistribute it and/or modify
   6:.\base_motion.c **** it under the terms of the GNU General Public License as published by
   7:.\base_motion.c **** the Free Software Foundation, either version 3 of the License, or
   8:.\base_motion.c **** (at your option) any later version.
   9:.\base_motion.c **** 
  10:.\base_motion.c **** This program is distributed in the hope that it will be useful,
  11:.\base_motion.c **** but WITHOUT ANY WARRANTY; without even the implied warranty of
  12:.\base_motion.c **** MERCHANTABILITY or FITNESS FOR A PARTICULAR PURPOSE.  See the
  13:.\base_motion.c **** GNU General Public License for more details.
  14:.\base_motion.c **** 
  15:.\base_motion.c **** You should have received a copy of the GNU General Public License
  16:.\base_motion.c **** along with this program.  If not, see <http://www.gnu.org/licenses/>.
  17:.\base_motion.c **** 
  18:.\base_motion.c **** This software has been developed and released by Lloyd Moore, owner of
  19:.\base_motion.c **** CyberData Corporation as part of our R&D efforts. For
  20:.\base_motion.c **** questions and comments on this code I can be reached at:
  21:.\base_motion.c **** e-mail: Lloyd@CyberData-Robotics.com
  22:.\base_motion.c **** Web site: http://www.CyberData-Robotics.com
  23:.\base_motion.c **** */
  24:.\base_motion.c **** 
  25:.\base_motion.c **** #include "base_motion.h"
  26:.\base_motion.c **** 
  27:.\base_motion.c **** //Private function prototypes
  28:.\base_motion.c **** void baseMotion_SetMotorControl(uint8_t motorCommand);
  29:.\base_motion.c **** 
  30:.\base_motion.c **** void baseMotion_Start()
  31:.\base_motion.c **** {
ARM GAS  C:\Users\Lloyd\AppData\Local\Temp\ccEl5tEh.s 			page 2


  27              		.loc 1 31 0
  28              		.cfi_startproc
  29              		@ args = 0, pretend = 0, frame = 0
  30              		@ frame_needed = 1, uses_anonymous_args = 0
  31 0000 80B5     		push	{r7, lr}
  32              	.LCFI0:
  33              		.cfi_def_cfa_offset 8
  34              		.cfi_offset 7, -8
  35              		.cfi_offset 14, -4
  36 0002 00AF     		add	r7, sp, #0
  37              	.LCFI1:
  38              		.cfi_def_cfa_register 7
  32:.\base_motion.c ****     baseMotion_SetMotorControl(MC_BRAKE);
  39              		.loc 1 32 0
  40 0004 4FF00000 		mov	r0, #0
  41 0008 FFF7FEFF 		bl	baseMotion_SetMotorControl
  33:.\base_motion.c ****     LMotorPwm_Start();
  42              		.loc 1 33 0
  43 000c FFF7FEFF 		bl	LMotorPwm_Start
  34:.\base_motion.c ****     RMotorPwm_Start();
  44              		.loc 1 34 0
  45 0010 FFF7FEFF 		bl	RMotorPwm_Start
  35:.\base_motion.c **** }
  46              		.loc 1 35 0
  47 0014 80BD     		pop	{r7, pc}
  48              		.cfi_endproc
  49              	.LFE56:
  50              		.size	baseMotion_Start, .-baseMotion_Start
  51 0016 00BF     		.section	.text.baseMotion_Update,"ax",%progbits
  52              		.align	2
  53              		.global	baseMotion_Update
  54              		.thumb
  55              		.thumb_func
  56              		.type	baseMotion_Update, %function
  57              	baseMotion_Update:
  58              	.LFB57:
  36:.\base_motion.c **** 
  37:.\base_motion.c **** 
  38:.\base_motion.c **** void baseMotion_Update(uint8_t motorCommand, uint16_t rightSpeed, uint16_t leftSpeed)
  39:.\base_motion.c **** {
  59              		.loc 1 39 0
  60              		.cfi_startproc
  61              		@ args = 0, pretend = 0, frame = 8
  62              		@ frame_needed = 1, uses_anonymous_args = 0
  63 0000 80B5     		push	{r7, lr}
  64              	.LCFI2:
  65              		.cfi_def_cfa_offset 8
  66              		.cfi_offset 7, -8
  67              		.cfi_offset 14, -4
  68 0002 82B0     		sub	sp, sp, #8
  69              	.LCFI3:
  70              		.cfi_def_cfa_offset 16
  71 0004 00AF     		add	r7, sp, #0
  72              	.LCFI4:
  73              		.cfi_def_cfa_register 7
  74 0006 1346     		mov	r3, r2
  75 0008 0246     		mov	r2, r0
ARM GAS  C:\Users\Lloyd\AppData\Local\Temp\ccEl5tEh.s 			page 3


  76 000a FA71     		strb	r2, [r7, #7]
  77 000c 0A46     		mov	r2, r1	@ movhi
  78 000e BA80     		strh	r2, [r7, #4]	@ movhi
  79 0010 7B80     		strh	r3, [r7, #2]	@ movhi
  40:.\base_motion.c ****     baseMotion_SetMotorControl(motorCommand);
  80              		.loc 1 40 0
  81 0012 FB79     		ldrb	r3, [r7, #7]	@ zero_extendqisi2
  82 0014 1846     		mov	r0, r3
  83 0016 FFF7FEFF 		bl	baseMotion_SetMotorControl
  41:.\base_motion.c ****     LMotorPwm_WriteCompare(leftSpeed);
  84              		.loc 1 41 0
  85 001a 7B88     		ldrh	r3, [r7, #2]
  86 001c 1846     		mov	r0, r3
  87 001e FFF7FEFF 		bl	LMotorPwm_WriteCompare
  42:.\base_motion.c ****     RMotorPwm_WriteCompare(rightSpeed);
  88              		.loc 1 42 0
  89 0022 BB88     		ldrh	r3, [r7, #4]
  90 0024 1846     		mov	r0, r3
  91 0026 FFF7FEFF 		bl	RMotorPwm_WriteCompare
  43:.\base_motion.c **** }
  92              		.loc 1 43 0
  93 002a 07F10807 		add	r7, r7, #8
  94 002e BD46     		mov	sp, r7
  95 0030 80BD     		pop	{r7, pc}
  96              		.cfi_endproc
  97              	.LFE57:
  98              		.size	baseMotion_Update, .-baseMotion_Update
  99              		.section	.text.baseMotion_SetMotorControl,"ax",%progbits
 100              		.align	2
 101              		.global	baseMotion_SetMotorControl
 102              		.thumb
 103              		.thumb_func
 104              		.type	baseMotion_SetMotorControl, %function
 105              	baseMotion_SetMotorControl:
 106              	.LFB58:
  44:.\base_motion.c **** 
  45:.\base_motion.c **** 
  46:.\base_motion.c **** void baseMotion_SetMotorControl(uint8_t motorCommand)
  47:.\base_motion.c **** {
 107              		.loc 1 47 0
 108              		.cfi_startproc
 109              		@ args = 0, pretend = 0, frame = 8
 110              		@ frame_needed = 1, uses_anonymous_args = 0
 111 0000 80B5     		push	{r7, lr}
 112              	.LCFI5:
 113              		.cfi_def_cfa_offset 8
 114              		.cfi_offset 7, -8
 115              		.cfi_offset 14, -4
 116 0002 82B0     		sub	sp, sp, #8
 117              	.LCFI6:
 118              		.cfi_def_cfa_offset 16
 119 0004 00AF     		add	r7, sp, #0
 120              	.LCFI7:
 121              		.cfi_def_cfa_register 7
 122 0006 0346     		mov	r3, r0
 123 0008 FB71     		strb	r3, [r7, #7]
  48:.\base_motion.c ****     static uint8 motorControlBits[MC_END] = 
ARM GAS  C:\Users\Lloyd\AppData\Local\Temp\ccEl5tEh.s 			page 4


  49:.\base_motion.c ****     {
  50:.\base_motion.c ****         0x0a,                               //MC_BRAKE - Place both motors in the brake/shorted sta
  51:.\base_motion.c ****         0x05,                               //MC_FORWARD - Drive generally forward, motor speeds wi
  52:.\base_motion.c ****         0x00,                               //MC_BACKWARD - Drive generally backward, motor speeds 
  53:.\base_motion.c ****         0x09,                               //MC_LEFT - Turn hard left, left motor in brake, right 
  54:.\base_motion.c ****         0x06,                               //MC_RIGHT - Turn hard right, left motor driving, right
  55:.\base_motion.c ****         0x01,                               //MC_PIVOT_LEFT - Pivot in place, left motor in reverse
  56:.\base_motion.c ****         0x04,                               //MC_PIVOT_RIGHT - Pivot in place. left motor in forwar
  57:.\base_motion.c ****     };
  58:.\base_motion.c ****     
  59:.\base_motion.c ****     if(motorCommand >= MC_END) motorCommand = MC_BRAKE;     //If something is wrong then stop!
 124              		.loc 1 59 0
 125 000a FB79     		ldrb	r3, [r7, #7]	@ zero_extendqisi2
 126 000c 062B     		cmp	r3, #6
 127 000e 02D9     		bls	.L4
 128              		.loc 1 59 0 is_stmt 0 discriminator 1
 129 0010 4FF00003 		mov	r3, #0
 130 0014 FB71     		strb	r3, [r7, #7]
 131              	.L4:
  60:.\base_motion.c ****     MotorControlReg_Write(motorControlBits[motorCommand]);
 132              		.loc 1 60 0 is_stmt 1
 133 0016 FA79     		ldrb	r2, [r7, #7]	@ zero_extendqisi2
 134 0018 40F20003 		movw	r3, #:lower16:motorControlBits.5806
 135 001c C0F20003 		movt	r3, #:upper16:motorControlBits.5806
 136 0020 9B5C     		ldrb	r3, [r3, r2]	@ zero_extendqisi2
 137 0022 1846     		mov	r0, r3
 138 0024 FFF7FEFF 		bl	MotorControlReg_Write
  61:.\base_motion.c **** }
 139              		.loc 1 61 0
 140 0028 07F10807 		add	r7, r7, #8
 141 002c BD46     		mov	sp, r7
 142 002e 80BD     		pop	{r7, pc}
 143              		.cfi_endproc
 144              	.LFE58:
 145              		.size	baseMotion_SetMotorControl, .-baseMotion_SetMotorControl
 146              		.data
 147              		.align	2
 148              		.type	motorControlBits.5806, %object
 149              		.size	motorControlBits.5806, 7
 150              	motorControlBits.5806:
 151 0000 0A       		.byte	10
 152 0001 05       		.byte	5
 153 0002 00       		.byte	0
 154 0003 09       		.byte	9
 155 0004 06       		.byte	6
 156 0005 01       		.byte	1
 157 0006 04       		.byte	4
 158 0007 00       		.text
 159              	.Letext0:
 160              		.file 2 "c:\\program files (x86)\\cypress\\psoc creator\\3.0\\psoc creator\\import\\gnu_cs\\arm\\4
 161              		.file 3 "./Generated_Source/PSoC5/cytypes.h"
 162              		.file 4 ".\\../../../Common/ringcoms.h"
 163              		.file 5 "./Generated_Source/PSoC5/core_cm3.h"
 164              		.section	.debug_info,"",%progbits
 165              	.Ldebug_info0:
 166 0000 A8010000 		.4byte	0x1a8
 167 0004 0200     		.2byte	0x2
ARM GAS  C:\Users\Lloyd\AppData\Local\Temp\ccEl5tEh.s 			page 5


 168 0006 00000000 		.4byte	.Ldebug_abbrev0
 169 000a 04       		.byte	0x4
 170 000b 01       		.uleb128 0x1
 171 000c D1010000 		.4byte	.LASF30
 172 0010 01       		.byte	0x1
 173 0011 38000000 		.4byte	.LASF31
 174 0015 08000000 		.4byte	.LASF32
 175 0019 00000000 		.4byte	.Ldebug_ranges0+0
 176 001d 00000000 		.4byte	0
 177 0021 00000000 		.4byte	0
 178 0025 00000000 		.4byte	.Ldebug_line0
 179 0029 02       		.uleb128 0x2
 180 002a 01       		.byte	0x1
 181 002b 06       		.byte	0x6
 182 002c BE010000 		.4byte	.LASF0
 183 0030 03       		.uleb128 0x3
 184 0031 37010000 		.4byte	.LASF3
 185 0035 02       		.byte	0x2
 186 0036 2A       		.byte	0x2a
 187 0037 3B000000 		.4byte	0x3b
 188 003b 02       		.uleb128 0x2
 189 003c 01       		.byte	0x1
 190 003d 08       		.byte	0x8
 191 003e 94000000 		.4byte	.LASF1
 192 0042 02       		.uleb128 0x2
 193 0043 02       		.byte	0x2
 194 0044 05       		.byte	0x5
 195 0045 7F010000 		.4byte	.LASF2
 196 0049 03       		.uleb128 0x3
 197 004a 89010000 		.4byte	.LASF4
 198 004e 02       		.byte	0x2
 199 004f 36       		.byte	0x36
 200 0050 54000000 		.4byte	0x54
 201 0054 02       		.uleb128 0x2
 202 0055 02       		.byte	0x2
 203 0056 07       		.byte	0x7
 204 0057 C5000000 		.4byte	.LASF5
 205 005b 03       		.uleb128 0x3
 206 005c 5B010000 		.4byte	.LASF6
 207 0060 02       		.byte	0x2
 208 0061 4F       		.byte	0x4f
 209 0062 66000000 		.4byte	0x66
 210 0066 02       		.uleb128 0x2
 211 0067 04       		.byte	0x4
 212 0068 05       		.byte	0x5
 213 0069 B5010000 		.4byte	.LASF7
 214 006d 02       		.uleb128 0x2
 215 006e 04       		.byte	0x4
 216 006f 07       		.byte	0x7
 217 0070 B3000000 		.4byte	.LASF8
 218 0074 02       		.uleb128 0x2
 219 0075 08       		.byte	0x8
 220 0076 05       		.byte	0x5
 221 0077 6C010000 		.4byte	.LASF9
 222 007b 02       		.uleb128 0x2
 223 007c 08       		.byte	0x8
 224 007d 07       		.byte	0x7
ARM GAS  C:\Users\Lloyd\AppData\Local\Temp\ccEl5tEh.s 			page 6


 225 007e 20010000 		.4byte	.LASF10
 226 0082 04       		.uleb128 0x4
 227 0083 04       		.byte	0x4
 228 0084 05       		.byte	0x5
 229 0085 696E7400 		.ascii	"int\000"
 230 0089 02       		.uleb128 0x2
 231 008a 04       		.byte	0x4
 232 008b 07       		.byte	0x7
 233 008c 13010000 		.4byte	.LASF11
 234 0090 03       		.uleb128 0x3
 235 0091 84000000 		.4byte	.LASF12
 236 0095 03       		.byte	0x3
 237 0096 5B       		.byte	0x5b
 238 0097 3B000000 		.4byte	0x3b
 239 009b 02       		.uleb128 0x2
 240 009c 04       		.byte	0x4
 241 009d 04       		.byte	0x4
 242 009e 7E000000 		.4byte	.LASF13
 243 00a2 02       		.uleb128 0x2
 244 00a3 08       		.byte	0x8
 245 00a4 04       		.byte	0x4
 246 00a5 CA010000 		.4byte	.LASF14
 247 00a9 02       		.uleb128 0x2
 248 00aa 01       		.byte	0x1
 249 00ab 08       		.byte	0x8
 250 00ac 7A010000 		.4byte	.LASF15
 251 00b0 02       		.uleb128 0x2
 252 00b1 04       		.byte	0x4
 253 00b2 07       		.byte	0x7
 254 00b3 63010000 		.4byte	.LASF16
 255 00b7 05       		.uleb128 0x5
 256 00b8 1A020000 		.4byte	.LASF33
 257 00bc 01       		.byte	0x1
 258 00bd 04       		.byte	0x4
 259 00be 22       		.byte	0x22
 260 00bf F4000000 		.4byte	0xf4
 261 00c3 06       		.uleb128 0x6
 262 00c4 5A000000 		.4byte	.LASF17
 263 00c8 00       		.sleb128 0
 264 00c9 06       		.uleb128 0x6
 265 00ca 9D010000 		.4byte	.LASF18
 266 00ce 01       		.sleb128 1
 267 00cf 06       		.uleb128 0x6
 268 00d0 46010000 		.4byte	.LASF19
 269 00d4 02       		.sleb128 2
 270 00d5 06       		.uleb128 0x6
 271 00d6 00000000 		.4byte	.LASF20
 272 00da 03       		.sleb128 3
 273 00db 06       		.uleb128 0x6
 274 00dc 52010000 		.4byte	.LASF21
 275 00e0 04       		.sleb128 4
 276 00e1 06       		.uleb128 0x6
 277 00e2 F4000000 		.4byte	.LASF22
 278 00e6 05       		.sleb128 5
 279 00e7 06       		.uleb128 0x6
 280 00e8 E5000000 		.4byte	.LASF23
 281 00ec 06       		.sleb128 6
ARM GAS  C:\Users\Lloyd\AppData\Local\Temp\ccEl5tEh.s 			page 7


 282 00ed 06       		.uleb128 0x6
 283 00ee 3F010000 		.4byte	.LASF24
 284 00f2 07       		.sleb128 7
 285 00f3 00       		.byte	0
 286 00f4 07       		.uleb128 0x7
 287 00f5 01       		.byte	0x1
 288 00f6 A2000000 		.4byte	.LASF34
 289 00fa 01       		.byte	0x1
 290 00fb 1E       		.byte	0x1e
 291 00fc 00000000 		.4byte	.LFB56
 292 0100 16000000 		.4byte	.LFE56
 293 0104 00000000 		.4byte	.LLST0
 294 0108 01       		.byte	0x1
 295 0109 08       		.uleb128 0x8
 296 010a 01       		.byte	0x1
 297 010b 48000000 		.4byte	.LASF28
 298 010f 01       		.byte	0x1
 299 0110 26       		.byte	0x26
 300 0111 01       		.byte	0x1
 301 0112 00000000 		.4byte	.LFB57
 302 0116 32000000 		.4byte	.LFE57
 303 011a 2C000000 		.4byte	.LLST1
 304 011e 01       		.byte	0x1
 305 011f 4E010000 		.4byte	0x14e
 306 0123 09       		.uleb128 0x9
 307 0124 A8010000 		.4byte	.LASF25
 308 0128 01       		.byte	0x1
 309 0129 26       		.byte	0x26
 310 012a 30000000 		.4byte	0x30
 311 012e 02       		.byte	0x2
 312 012f 91       		.byte	0x91
 313 0130 77       		.sleb128 -9
 314 0131 09       		.uleb128 0x9
 315 0132 92010000 		.4byte	.LASF26
 316 0136 01       		.byte	0x1
 317 0137 26       		.byte	0x26
 318 0138 49000000 		.4byte	0x49
 319 013c 02       		.byte	0x2
 320 013d 91       		.byte	0x91
 321 013e 74       		.sleb128 -12
 322 013f 09       		.uleb128 0x9
 323 0140 8A000000 		.4byte	.LASF27
 324 0144 01       		.byte	0x1
 325 0145 26       		.byte	0x26
 326 0146 49000000 		.4byte	0x49
 327 014a 02       		.byte	0x2
 328 014b 91       		.byte	0x91
 329 014c 72       		.sleb128 -14
 330 014d 00       		.byte	0
 331 014e 08       		.uleb128 0x8
 332 014f 01       		.byte	0x1
 333 0150 63000000 		.4byte	.LASF29
 334 0154 01       		.byte	0x1
 335 0155 2E       		.byte	0x2e
 336 0156 01       		.byte	0x1
 337 0157 00000000 		.4byte	.LFB58
 338 015b 30000000 		.4byte	.LFE58
ARM GAS  C:\Users\Lloyd\AppData\Local\Temp\ccEl5tEh.s 			page 8


 339 015f 64000000 		.4byte	.LLST2
 340 0163 01       		.byte	0x1
 341 0164 88010000 		.4byte	0x188
 342 0168 09       		.uleb128 0x9
 343 0169 A8010000 		.4byte	.LASF25
 344 016d 01       		.byte	0x1
 345 016e 2E       		.byte	0x2e
 346 016f 30000000 		.4byte	0x30
 347 0173 02       		.byte	0x2
 348 0174 91       		.byte	0x91
 349 0175 77       		.sleb128 -9
 350 0176 0A       		.uleb128 0xa
 351 0177 02010000 		.4byte	.LASF35
 352 017b 01       		.byte	0x1
 353 017c 30       		.byte	0x30
 354 017d 88010000 		.4byte	0x188
 355 0181 05       		.byte	0x5
 356 0182 03       		.byte	0x3
 357 0183 00000000 		.4byte	motorControlBits.5806
 358 0187 00       		.byte	0
 359 0188 0B       		.uleb128 0xb
 360 0189 90000000 		.4byte	0x90
 361 018d 98010000 		.4byte	0x198
 362 0191 0C       		.uleb128 0xc
 363 0192 B0000000 		.4byte	0xb0
 364 0196 06       		.byte	0x6
 365 0197 00       		.byte	0
 366 0198 0D       		.uleb128 0xd
 367 0199 D8000000 		.4byte	.LASF36
 368 019d 05       		.byte	0x5
 369 019e 1606     		.2byte	0x616
 370 01a0 A6010000 		.4byte	0x1a6
 371 01a4 01       		.byte	0x1
 372 01a5 01       		.byte	0x1
 373 01a6 0E       		.uleb128 0xe
 374 01a7 5B000000 		.4byte	0x5b
 375 01ab 00       		.byte	0
 376              		.section	.debug_abbrev,"",%progbits
 377              	.Ldebug_abbrev0:
 378 0000 01       		.uleb128 0x1
 379 0001 11       		.uleb128 0x11
 380 0002 01       		.byte	0x1
 381 0003 25       		.uleb128 0x25
 382 0004 0E       		.uleb128 0xe
 383 0005 13       		.uleb128 0x13
 384 0006 0B       		.uleb128 0xb
 385 0007 03       		.uleb128 0x3
 386 0008 0E       		.uleb128 0xe
 387 0009 1B       		.uleb128 0x1b
 388 000a 0E       		.uleb128 0xe
 389 000b 55       		.uleb128 0x55
 390 000c 06       		.uleb128 0x6
 391 000d 11       		.uleb128 0x11
 392 000e 01       		.uleb128 0x1
 393 000f 52       		.uleb128 0x52
 394 0010 01       		.uleb128 0x1
 395 0011 10       		.uleb128 0x10
ARM GAS  C:\Users\Lloyd\AppData\Local\Temp\ccEl5tEh.s 			page 9


 396 0012 06       		.uleb128 0x6
 397 0013 00       		.byte	0
 398 0014 00       		.byte	0
 399 0015 02       		.uleb128 0x2
 400 0016 24       		.uleb128 0x24
 401 0017 00       		.byte	0
 402 0018 0B       		.uleb128 0xb
 403 0019 0B       		.uleb128 0xb
 404 001a 3E       		.uleb128 0x3e
 405 001b 0B       		.uleb128 0xb
 406 001c 03       		.uleb128 0x3
 407 001d 0E       		.uleb128 0xe
 408 001e 00       		.byte	0
 409 001f 00       		.byte	0
 410 0020 03       		.uleb128 0x3
 411 0021 16       		.uleb128 0x16
 412 0022 00       		.byte	0
 413 0023 03       		.uleb128 0x3
 414 0024 0E       		.uleb128 0xe
 415 0025 3A       		.uleb128 0x3a
 416 0026 0B       		.uleb128 0xb
 417 0027 3B       		.uleb128 0x3b
 418 0028 0B       		.uleb128 0xb
 419 0029 49       		.uleb128 0x49
 420 002a 13       		.uleb128 0x13
 421 002b 00       		.byte	0
 422 002c 00       		.byte	0
 423 002d 04       		.uleb128 0x4
 424 002e 24       		.uleb128 0x24
 425 002f 00       		.byte	0
 426 0030 0B       		.uleb128 0xb
 427 0031 0B       		.uleb128 0xb
 428 0032 3E       		.uleb128 0x3e
 429 0033 0B       		.uleb128 0xb
 430 0034 03       		.uleb128 0x3
 431 0035 08       		.uleb128 0x8
 432 0036 00       		.byte	0
 433 0037 00       		.byte	0
 434 0038 05       		.uleb128 0x5
 435 0039 04       		.uleb128 0x4
 436 003a 01       		.byte	0x1
 437 003b 03       		.uleb128 0x3
 438 003c 0E       		.uleb128 0xe
 439 003d 0B       		.uleb128 0xb
 440 003e 0B       		.uleb128 0xb
 441 003f 3A       		.uleb128 0x3a
 442 0040 0B       		.uleb128 0xb
 443 0041 3B       		.uleb128 0x3b
 444 0042 0B       		.uleb128 0xb
 445 0043 01       		.uleb128 0x1
 446 0044 13       		.uleb128 0x13
 447 0045 00       		.byte	0
 448 0046 00       		.byte	0
 449 0047 06       		.uleb128 0x6
 450 0048 28       		.uleb128 0x28
 451 0049 00       		.byte	0
 452 004a 03       		.uleb128 0x3
ARM GAS  C:\Users\Lloyd\AppData\Local\Temp\ccEl5tEh.s 			page 10


 453 004b 0E       		.uleb128 0xe
 454 004c 1C       		.uleb128 0x1c
 455 004d 0D       		.uleb128 0xd
 456 004e 00       		.byte	0
 457 004f 00       		.byte	0
 458 0050 07       		.uleb128 0x7
 459 0051 2E       		.uleb128 0x2e
 460 0052 00       		.byte	0
 461 0053 3F       		.uleb128 0x3f
 462 0054 0C       		.uleb128 0xc
 463 0055 03       		.uleb128 0x3
 464 0056 0E       		.uleb128 0xe
 465 0057 3A       		.uleb128 0x3a
 466 0058 0B       		.uleb128 0xb
 467 0059 3B       		.uleb128 0x3b
 468 005a 0B       		.uleb128 0xb
 469 005b 11       		.uleb128 0x11
 470 005c 01       		.uleb128 0x1
 471 005d 12       		.uleb128 0x12
 472 005e 01       		.uleb128 0x1
 473 005f 40       		.uleb128 0x40
 474 0060 06       		.uleb128 0x6
 475 0061 9642     		.uleb128 0x2116
 476 0063 0C       		.uleb128 0xc
 477 0064 00       		.byte	0
 478 0065 00       		.byte	0
 479 0066 08       		.uleb128 0x8
 480 0067 2E       		.uleb128 0x2e
 481 0068 01       		.byte	0x1
 482 0069 3F       		.uleb128 0x3f
 483 006a 0C       		.uleb128 0xc
 484 006b 03       		.uleb128 0x3
 485 006c 0E       		.uleb128 0xe
 486 006d 3A       		.uleb128 0x3a
 487 006e 0B       		.uleb128 0xb
 488 006f 3B       		.uleb128 0x3b
 489 0070 0B       		.uleb128 0xb
 490 0071 27       		.uleb128 0x27
 491 0072 0C       		.uleb128 0xc
 492 0073 11       		.uleb128 0x11
 493 0074 01       		.uleb128 0x1
 494 0075 12       		.uleb128 0x12
 495 0076 01       		.uleb128 0x1
 496 0077 40       		.uleb128 0x40
 497 0078 06       		.uleb128 0x6
 498 0079 9642     		.uleb128 0x2116
 499 007b 0C       		.uleb128 0xc
 500 007c 01       		.uleb128 0x1
 501 007d 13       		.uleb128 0x13
 502 007e 00       		.byte	0
 503 007f 00       		.byte	0
 504 0080 09       		.uleb128 0x9
 505 0081 05       		.uleb128 0x5
 506 0082 00       		.byte	0
 507 0083 03       		.uleb128 0x3
 508 0084 0E       		.uleb128 0xe
 509 0085 3A       		.uleb128 0x3a
ARM GAS  C:\Users\Lloyd\AppData\Local\Temp\ccEl5tEh.s 			page 11


 510 0086 0B       		.uleb128 0xb
 511 0087 3B       		.uleb128 0x3b
 512 0088 0B       		.uleb128 0xb
 513 0089 49       		.uleb128 0x49
 514 008a 13       		.uleb128 0x13
 515 008b 02       		.uleb128 0x2
 516 008c 0A       		.uleb128 0xa
 517 008d 00       		.byte	0
 518 008e 00       		.byte	0
 519 008f 0A       		.uleb128 0xa
 520 0090 34       		.uleb128 0x34
 521 0091 00       		.byte	0
 522 0092 03       		.uleb128 0x3
 523 0093 0E       		.uleb128 0xe
 524 0094 3A       		.uleb128 0x3a
 525 0095 0B       		.uleb128 0xb
 526 0096 3B       		.uleb128 0x3b
 527 0097 0B       		.uleb128 0xb
 528 0098 49       		.uleb128 0x49
 529 0099 13       		.uleb128 0x13
 530 009a 02       		.uleb128 0x2
 531 009b 0A       		.uleb128 0xa
 532 009c 00       		.byte	0
 533 009d 00       		.byte	0
 534 009e 0B       		.uleb128 0xb
 535 009f 01       		.uleb128 0x1
 536 00a0 01       		.byte	0x1
 537 00a1 49       		.uleb128 0x49
 538 00a2 13       		.uleb128 0x13
 539 00a3 01       		.uleb128 0x1
 540 00a4 13       		.uleb128 0x13
 541 00a5 00       		.byte	0
 542 00a6 00       		.byte	0
 543 00a7 0C       		.uleb128 0xc
 544 00a8 21       		.uleb128 0x21
 545 00a9 00       		.byte	0
 546 00aa 49       		.uleb128 0x49
 547 00ab 13       		.uleb128 0x13
 548 00ac 2F       		.uleb128 0x2f
 549 00ad 0B       		.uleb128 0xb
 550 00ae 00       		.byte	0
 551 00af 00       		.byte	0
 552 00b0 0D       		.uleb128 0xd
 553 00b1 34       		.uleb128 0x34
 554 00b2 00       		.byte	0
 555 00b3 03       		.uleb128 0x3
 556 00b4 0E       		.uleb128 0xe
 557 00b5 3A       		.uleb128 0x3a
 558 00b6 0B       		.uleb128 0xb
 559 00b7 3B       		.uleb128 0x3b
 560 00b8 05       		.uleb128 0x5
 561 00b9 49       		.uleb128 0x49
 562 00ba 13       		.uleb128 0x13
 563 00bb 3F       		.uleb128 0x3f
 564 00bc 0C       		.uleb128 0xc
 565 00bd 3C       		.uleb128 0x3c
 566 00be 0C       		.uleb128 0xc
ARM GAS  C:\Users\Lloyd\AppData\Local\Temp\ccEl5tEh.s 			page 12


 567 00bf 00       		.byte	0
 568 00c0 00       		.byte	0
 569 00c1 0E       		.uleb128 0xe
 570 00c2 35       		.uleb128 0x35
 571 00c3 00       		.byte	0
 572 00c4 49       		.uleb128 0x49
 573 00c5 13       		.uleb128 0x13
 574 00c6 00       		.byte	0
 575 00c7 00       		.byte	0
 576 00c8 00       		.byte	0
 577              		.section	.debug_loc,"",%progbits
 578              	.Ldebug_loc0:
 579              	.LLST0:
 580 0000 00000000 		.4byte	.LFB56
 581 0004 02000000 		.4byte	.LCFI0
 582 0008 0200     		.2byte	0x2
 583 000a 7D       		.byte	0x7d
 584 000b 00       		.sleb128 0
 585 000c 02000000 		.4byte	.LCFI0
 586 0010 04000000 		.4byte	.LCFI1
 587 0014 0200     		.2byte	0x2
 588 0016 7D       		.byte	0x7d
 589 0017 08       		.sleb128 8
 590 0018 04000000 		.4byte	.LCFI1
 591 001c 16000000 		.4byte	.LFE56
 592 0020 0200     		.2byte	0x2
 593 0022 77       		.byte	0x77
 594 0023 08       		.sleb128 8
 595 0024 00000000 		.4byte	0
 596 0028 00000000 		.4byte	0
 597              	.LLST1:
 598 002c 00000000 		.4byte	.LFB57
 599 0030 02000000 		.4byte	.LCFI2
 600 0034 0200     		.2byte	0x2
 601 0036 7D       		.byte	0x7d
 602 0037 00       		.sleb128 0
 603 0038 02000000 		.4byte	.LCFI2
 604 003c 04000000 		.4byte	.LCFI3
 605 0040 0200     		.2byte	0x2
 606 0042 7D       		.byte	0x7d
 607 0043 08       		.sleb128 8
 608 0044 04000000 		.4byte	.LCFI3
 609 0048 06000000 		.4byte	.LCFI4
 610 004c 0200     		.2byte	0x2
 611 004e 7D       		.byte	0x7d
 612 004f 10       		.sleb128 16
 613 0050 06000000 		.4byte	.LCFI4
 614 0054 32000000 		.4byte	.LFE57
 615 0058 0200     		.2byte	0x2
 616 005a 77       		.byte	0x77
 617 005b 10       		.sleb128 16
 618 005c 00000000 		.4byte	0
 619 0060 00000000 		.4byte	0
 620              	.LLST2:
 621 0064 00000000 		.4byte	.LFB58
 622 0068 02000000 		.4byte	.LCFI5
 623 006c 0200     		.2byte	0x2
ARM GAS  C:\Users\Lloyd\AppData\Local\Temp\ccEl5tEh.s 			page 13


 624 006e 7D       		.byte	0x7d
 625 006f 00       		.sleb128 0
 626 0070 02000000 		.4byte	.LCFI5
 627 0074 04000000 		.4byte	.LCFI6
 628 0078 0200     		.2byte	0x2
 629 007a 7D       		.byte	0x7d
 630 007b 08       		.sleb128 8
 631 007c 04000000 		.4byte	.LCFI6
 632 0080 06000000 		.4byte	.LCFI7
 633 0084 0200     		.2byte	0x2
 634 0086 7D       		.byte	0x7d
 635 0087 10       		.sleb128 16
 636 0088 06000000 		.4byte	.LCFI7
 637 008c 30000000 		.4byte	.LFE58
 638 0090 0200     		.2byte	0x2
 639 0092 77       		.byte	0x77
 640 0093 10       		.sleb128 16
 641 0094 00000000 		.4byte	0
 642 0098 00000000 		.4byte	0
 643              		.section	.debug_aranges,"",%progbits
 644 0000 2C000000 		.4byte	0x2c
 645 0004 0200     		.2byte	0x2
 646 0006 00000000 		.4byte	.Ldebug_info0
 647 000a 04       		.byte	0x4
 648 000b 00       		.byte	0
 649 000c 0000     		.2byte	0
 650 000e 0000     		.2byte	0
 651 0010 00000000 		.4byte	.LFB56
 652 0014 16000000 		.4byte	.LFE56-.LFB56
 653 0018 00000000 		.4byte	.LFB57
 654 001c 32000000 		.4byte	.LFE57-.LFB57
 655 0020 00000000 		.4byte	.LFB58
 656 0024 30000000 		.4byte	.LFE58-.LFB58
 657 0028 00000000 		.4byte	0
 658 002c 00000000 		.4byte	0
 659              		.section	.debug_ranges,"",%progbits
 660              	.Ldebug_ranges0:
 661 0000 00000000 		.4byte	.LFB56
 662 0004 16000000 		.4byte	.LFE56
 663 0008 00000000 		.4byte	.LFB57
 664 000c 32000000 		.4byte	.LFE57
 665 0010 00000000 		.4byte	.LFB58
 666 0014 30000000 		.4byte	.LFE58
 667 0018 00000000 		.4byte	0
 668 001c 00000000 		.4byte	0
 669              		.section	.debug_line,"",%progbits
 670              	.Ldebug_line0:
 671 0000 67010000 		.section	.debug_str,"MS",%progbits,1
 671      02002001 
 671      00000201 
 671      FB0E0D00 
 671      01010101 
 672              	.LASF20:
 673 0000 4D435F4C 		.ascii	"MC_LEFT\000"
 673      45465400 
 674              	.LASF32:
 675 0008 433A5C4B 		.ascii	"C:\\Kiln\\SRSPiBot\\PSoCCode\\BotPsoc\\BotPsoc.cyds"
ARM GAS  C:\Users\Lloyd\AppData\Local\Temp\ccEl5tEh.s 			page 14


 675      696C6E5C 
 675      53525350 
 675      69426F74 
 675      5C50536F 
 676 0036 6E00     		.ascii	"n\000"
 677              	.LASF31:
 678 0038 2E5C6261 		.ascii	".\\base_motion.c\000"
 678      73655F6D 
 678      6F74696F 
 678      6E2E6300 
 679              	.LASF28:
 680 0048 62617365 		.ascii	"baseMotion_Update\000"
 680      4D6F7469 
 680      6F6E5F55 
 680      70646174 
 680      6500
 681              	.LASF17:
 682 005a 4D435F42 		.ascii	"MC_BRAKE\000"
 682      52414B45 
 682      00
 683              	.LASF29:
 684 0063 62617365 		.ascii	"baseMotion_SetMotorControl\000"
 684      4D6F7469 
 684      6F6E5F53 
 684      65744D6F 
 684      746F7243 
 685              	.LASF13:
 686 007e 666C6F61 		.ascii	"float\000"
 686      7400
 687              	.LASF12:
 688 0084 75696E74 		.ascii	"uint8\000"
 688      3800
 689              	.LASF27:
 690 008a 6C656674 		.ascii	"leftSpeed\000"
 690      53706565 
 690      6400
 691              	.LASF1:
 692 0094 756E7369 		.ascii	"unsigned char\000"
 692      676E6564 
 692      20636861 
 692      7200
 693              	.LASF34:
 694 00a2 62617365 		.ascii	"baseMotion_Start\000"
 694      4D6F7469 
 694      6F6E5F53 
 694      74617274 
 694      00
 695              	.LASF8:
 696 00b3 6C6F6E67 		.ascii	"long unsigned int\000"
 696      20756E73 
 696      69676E65 
 696      6420696E 
 696      7400
 697              	.LASF5:
 698 00c5 73686F72 		.ascii	"short unsigned int\000"
 698      7420756E 
 698      7369676E 
ARM GAS  C:\Users\Lloyd\AppData\Local\Temp\ccEl5tEh.s 			page 15


 698      65642069 
 698      6E7400
 699              	.LASF36:
 700 00d8 49544D5F 		.ascii	"ITM_RxBuffer\000"
 700      52784275 
 700      66666572 
 700      00
 701              	.LASF23:
 702 00e5 4D435F50 		.ascii	"MC_PIVOT_RIGHT\000"
 702      49564F54 
 702      5F524947 
 702      485400
 703              	.LASF22:
 704 00f4 4D435F50 		.ascii	"MC_PIVOT_LEFT\000"
 704      49564F54 
 704      5F4C4546 
 704      5400
 705              	.LASF35:
 706 0102 6D6F746F 		.ascii	"motorControlBits\000"
 706      72436F6E 
 706      74726F6C 
 706      42697473 
 706      00
 707              	.LASF11:
 708 0113 756E7369 		.ascii	"unsigned int\000"
 708      676E6564 
 708      20696E74 
 708      00
 709              	.LASF10:
 710 0120 6C6F6E67 		.ascii	"long long unsigned int\000"
 710      206C6F6E 
 710      6720756E 
 710      7369676E 
 710      65642069 
 711              	.LASF3:
 712 0137 75696E74 		.ascii	"uint8_t\000"
 712      385F7400 
 713              	.LASF24:
 714 013f 4D435F45 		.ascii	"MC_END\000"
 714      4E4400
 715              	.LASF19:
 716 0146 4D435F42 		.ascii	"MC_BACKWARD\000"
 716      41434B57 
 716      41524400 
 717              	.LASF21:
 718 0152 4D435F52 		.ascii	"MC_RIGHT\000"
 718      49474854 
 718      00
 719              	.LASF6:
 720 015b 696E7433 		.ascii	"int32_t\000"
 720      325F7400 
 721              	.LASF16:
 722 0163 73697A65 		.ascii	"sizetype\000"
 722      74797065 
 722      00
 723              	.LASF9:
 724 016c 6C6F6E67 		.ascii	"long long int\000"
ARM GAS  C:\Users\Lloyd\AppData\Local\Temp\ccEl5tEh.s 			page 16


 724      206C6F6E 
 724      6720696E 
 724      7400
 725              	.LASF15:
 726 017a 63686172 		.ascii	"char\000"
 726      00
 727              	.LASF2:
 728 017f 73686F72 		.ascii	"short int\000"
 728      7420696E 
 728      7400
 729              	.LASF4:
 730 0189 75696E74 		.ascii	"uint16_t\000"
 730      31365F74 
 730      00
 731              	.LASF26:
 732 0192 72696768 		.ascii	"rightSpeed\000"
 732      74537065 
 732      656400
 733              	.LASF18:
 734 019d 4D435F46 		.ascii	"MC_FORWARD\000"
 734      4F525741 
 734      524400
 735              	.LASF25:
 736 01a8 6D6F746F 		.ascii	"motorCommand\000"
 736      72436F6D 
 736      6D616E64 
 736      00
 737              	.LASF7:
 738 01b5 6C6F6E67 		.ascii	"long int\000"
 738      20696E74 
 738      00
 739              	.LASF0:
 740 01be 7369676E 		.ascii	"signed char\000"
 740      65642063 
 740      68617200 
 741              	.LASF14:
 742 01ca 646F7562 		.ascii	"double\000"
 742      6C6500
 743              	.LASF30:
 744 01d1 474E5520 		.ascii	"GNU C 4.7.3 20130312 (release) [ARM/embedded-4_7-br"
 744      4320342E 
 744      372E3320 
 744      32303133 
 744      30333132 
 745 0204 616E6368 		.ascii	"anch revision 196615]\000"
 745      20726576 
 745      6973696F 
 745      6E203139 
 745      36363135 
 746              	.LASF33:
 747 021a 4D4F544F 		.ascii	"MOTOR_COMMAND\000"
 747      525F434F 
 747      4D4D414E 
 747      4400
 748              		.ident	"GCC: (GNU Tools for ARM Embedded Processors) 4.7.3 20130312 (release) [ARM/embedded-4_7-br
