--------------- Clean Started: 02/19/2014 09:42:33 Project: BotPsoc, Configuration: ARM GCC 4.7.3 Debug ---------------
Deleting file ".\CortexM3\ARM_GCC_473\Debug\main.o"
Deleting file ".\CortexM3\ARM_GCC_473\Debug\spi_ring.o"
Deleting file ".\CortexM3\ARM_GCC_473\Debug\base_motion.o"
Deleting file ".\CortexM3\ARM_GCC_473\Debug\cyfitter_cfg.o"
Deleting file ".\CortexM3\ARM_GCC_473\Debug\cymetadata.o"
Deleting file ".\CortexM3\ARM_GCC_473\Debug\Debug0.o"
Deleting file ".\CortexM3\ARM_GCC_473\Debug\Debug1.o"
Deleting file ".\CortexM3\ARM_GCC_473\Debug\Cm3Start.o"
Deleting file ".\CortexM3\ARM_GCC_473\Debug\CyBootAsmGnu.o"
Deleting file ".\CortexM3\ARM_GCC_473\Debug\CyDmac.o"
Deleting file ".\CortexM3\ARM_GCC_473\Debug\CyFlash.o"
Deleting file ".\CortexM3\ARM_GCC_473\Debug\CyLib.o"
Deleting file ".\CortexM3\ARM_GCC_473\Debug\cyPm.o"
Deleting file ".\CortexM3\ARM_GCC_473\Debug\CySpc.o"
Deleting file ".\CortexM3\ARM_GCC_473\Debug\cyutils.o"
Deleting file ".\CortexM3\ARM_GCC_473\Debug\PiComs.o"
Deleting file ".\CortexM3\ARM_GCC_473\Debug\PiComs_PM.o"
Deleting file ".\CortexM3\ARM_GCC_473\Debug\PiComs_INT.o"
Deleting file ".\CortexM3\ARM_GCC_473\Debug\PiComs_BOOT.o"
Deleting file ".\CortexM3\ARM_GCC_473\Debug\PiSPI_MOSI.o"
Deleting file ".\CortexM3\ARM_GCC_473\Debug\PiSPI_SCLK.o"
Deleting file ".\CortexM3\ARM_GCC_473\Debug\PiSPI_SS.o"
Deleting file ".\CortexM3\ARM_GCC_473\Debug\PiSPI_MISO.o"
Deleting file ".\CortexM3\ARM_GCC_473\Debug\PiSPI_CLK.o"
Deleting file ".\CortexM3\ARM_GCC_473\Debug\Debug2.o"
Deleting file ".\CortexM3\ARM_GCC_473\Debug\Debug3.o"
Deleting file ".\CortexM3\ARM_GCC_473\Debug\Debug4.o"
Deleting file ".\CortexM3\ARM_GCC_473\Debug\Debug5.o"
Deleting file ".\CortexM3\ARM_GCC_473\Debug\Debug6.o"
Deleting file ".\CortexM3\ARM_GCC_473\Debug\Debug7.o"
Deleting file ".\CortexM3\ARM_GCC_473\Debug\SpiXmitDma_dma.o"
Deleting file ".\CortexM3\ARM_GCC_473\Debug\SpiRcvDma_dma.o"
Deleting file ".\CortexM3\ARM_GCC_473\Debug\SpiXferDone.o"
Deleting file ".\CortexM3\ARM_GCC_473\Debug\RDV2.o"
Deleting file ".\CortexM3\ARM_GCC_473\Debug\RDG2.o"
Deleting file ".\CortexM3\ARM_GCC_473\Debug\RDV1.o"
Deleting file ".\CortexM3\ARM_GCC_473\Debug\RDG1.o"
Deleting file ".\CortexM3\ARM_GCC_473\Debug\LDV2.o"
Deleting file ".\CortexM3\ARM_GCC_473\Debug\LDV1.o"
Deleting file ".\CortexM3\ARM_GCC_473\Debug\LDG2.o"
Deleting file ".\CortexM3\ARM_GCC_473\Debug\LDG1.o"
Deleting file ".\CortexM3\ARM_GCC_473\Debug\LMotorPwm.o"
Deleting file ".\CortexM3\ARM_GCC_473\Debug\LMotorPwm_PM.o"
Deleting file ".\CortexM3\ARM_GCC_473\Debug\MotorPwmClock.o"
Deleting file ".\CortexM3\ARM_GCC_473\Debug\RMotorPwm.o"
Deleting file ".\CortexM3\ARM_GCC_473\Debug\RMotorPwm_PM.o"
Deleting file ".\CortexM3\ARM_GCC_473\Debug\MotorControlReg.o"
Deleting file ".\CortexM3\ARM_GCC_473\Debug\SerDrv_485Sel.o"
Deleting file ".\CortexM3\ARM_GCC_473\Debug\SerDrv_Enable.o"
Deleting file ".\CortexM3\ARM_GCC_473\Debug\SerDrv_RA.o"
Deleting file ".\CortexM3\ARM_GCC_473\Debug\SerDrv_RB.o"
Deleting file ".\CortexM3\ARM_GCC_473\Debug\SerDrv_DY.o"
Deleting file ".\CortexM3\ARM_GCC_473\Debug\SerDrv_DZ.o"
Deleting file ".\CortexM3\ARM_GCC_473\Debug\PiUART_RXD.o"
Deleting file ".\CortexM3\ARM_GCC_473\Debug\PiUART_TXD.o"
Deleting file ".\CortexM3\ARM_GCC_473\Debug\BotPsoc.hex"
Deleting file ".\CortexM3\ARM_GCC_473\Debug\BotPsoc.elf"
Deleting file ".\CortexM3\ARM_GCC_473\Debug\BotPsoc.map"
Deleting file ".\BotPsoc.cycdx"
Deleting file ".\BotPsoc.svd"
Deleting file ".\BotPsoc.rpt"
Deleting file ".\BotPsoc_timing.html"
Deleting file ".\CortexM3\ARM_GCC_473\Debug\.deps\C_FILE.P"
Deleting file ".\CortexM3\ARM_GCC_473\Debug\.deps\ARM_C_FILE.P"
Deleting file ".\CortexM3\ARM_GCC_473\Debug\.deps\GNU_ARM_ASM_FILE.P"
--------------- Clean Succeeded: 02/19/2014 09:42:34 ---------------
