--------------- Rebuild Started: 01/08/2014 15:55:58 Project: BotPsoc, Configuration: ARM GCC 4.7.3 Debug ---------------
Deleting file ".\CortexM3\ARM_GCC_473\Debug\main.o"
Deleting file ".\CortexM3\ARM_GCC_473\Debug\spi_ring.o"
Deleting file ".\CortexM3\ARM_GCC_473\Debug\base_motion.o"
Deleting file ".\CortexM3\ARM_GCC_473\Debug\cyfitter_cfg.o"
Deleting file ".\CortexM3\ARM_GCC_473\Debug\cymetadata.o"
Deleting file ".\CortexM3\ARM_GCC_473\Debug\Debug0.o"
Deleting file ".\CortexM3\ARM_GCC_473\Debug\Debug1.o"
Deleting file ".\CortexM3\ARM_GCC_473\Debug\Cm3Start.o"
Deleting file ".\CortexM3\ARM_GCC_473\Debug\CyBootAsmGnu.o"
Deleting file ".\CortexM3\ARM_GCC_473\Debug\CyDmac.o"
Deleting file ".\CortexM3\ARM_GCC_473\Debug\CyFlash.o"
Deleting file ".\CortexM3\ARM_GCC_473\Debug\CyLib.o"
Deleting file ".\CortexM3\ARM_GCC_473\Debug\cyPm.o"
Deleting file ".\CortexM3\ARM_GCC_473\Debug\CySpc.o"
Deleting file ".\CortexM3\ARM_GCC_473\Debug\cyutils.o"
Deleting file ".\CortexM3\ARM_GCC_473\Debug\PiComs.o"
Deleting file ".\CortexM3\ARM_GCC_473\Debug\PiComs_PM.o"
Deleting file ".\CortexM3\ARM_GCC_473\Debug\PiComs_INT.o"
Deleting file ".\CortexM3\ARM_GCC_473\Debug\PiComs_BOOT.o"
Deleting file ".\CortexM3\ARM_GCC_473\Debug\PiSPI_MOSI.o"
Deleting file ".\CortexM3\ARM_GCC_473\Debug\PiSPI_SCLK.o"
Deleting file ".\CortexM3\ARM_GCC_473\Debug\PiSPI_SS.o"
Deleting file ".\CortexM3\ARM_GCC_473\Debug\PiSPI_MISO.o"
Deleting file ".\CortexM3\ARM_GCC_473\Debug\PiSPI_CLK.o"
Deleting file ".\CortexM3\ARM_GCC_473\Debug\Debug2.o"
Deleting file ".\CortexM3\ARM_GCC_473\Debug\Debug3.o"
Deleting file ".\CortexM3\ARM_GCC_473\Debug\Debug4.o"
Deleting file ".\CortexM3\ARM_GCC_473\Debug\Debug5.o"
Deleting file ".\CortexM3\ARM_GCC_473\Debug\Debug6.o"
Deleting file ".\CortexM3\ARM_GCC_473\Debug\Debug7.o"
Deleting file ".\CortexM3\ARM_GCC_473\Debug\SpiXmitDma_dma.o"
Deleting file ".\CortexM3\ARM_GCC_473\Debug\SpiRcvDma_dma.o"
Deleting file ".\CortexM3\ARM_GCC_473\Debug\SpiXferDone.o"
Deleting file ".\CortexM3\ARM_GCC_473\Debug\RDV2.o"
Deleting file ".\CortexM3\ARM_GCC_473\Debug\RDG2.o"
Deleting file ".\CortexM3\ARM_GCC_473\Debug\RDV1.o"
Deleting file ".\CortexM3\ARM_GCC_473\Debug\RDG1.o"
Deleting file ".\CortexM3\ARM_GCC_473\Debug\LDV2.o"
Deleting file ".\CortexM3\ARM_GCC_473\Debug\LDV1.o"
Deleting file ".\CortexM3\ARM_GCC_473\Debug\LDG2.o"
Deleting file ".\CortexM3\ARM_GCC_473\Debug\LDG1.o"
Deleting file ".\CortexM3\ARM_GCC_473\Debug\LMotorPwm.o"
Deleting file ".\CortexM3\ARM_GCC_473\Debug\LMotorPwm_PM.o"
Deleting file ".\CortexM3\ARM_GCC_473\Debug\MotorPwmClock.o"
Deleting file ".\CortexM3\ARM_GCC_473\Debug\RMotorPwm.o"
Deleting file ".\CortexM3\ARM_GCC_473\Debug\RMotorPwm_PM.o"
Deleting file ".\CortexM3\ARM_GCC_473\Debug\MotorControlReg.o"
Deleting file ".\CortexM3\ARM_GCC_473\Debug\SerDrv_485Sel.o"
Deleting file ".\CortexM3\ARM_GCC_473\Debug\SerDrv_Enable.o"
Deleting file ".\CortexM3\ARM_GCC_473\Debug\SerDrv_RA.o"
Deleting file ".\CortexM3\ARM_GCC_473\Debug\SerDrv_RB.o"
Deleting file ".\CortexM3\ARM_GCC_473\Debug\SerDrv_DY.o"
Deleting file ".\CortexM3\ARM_GCC_473\Debug\SerDrv_DZ.o"
Deleting file ".\CortexM3\ARM_GCC_473\Debug\PiUART_RXD.o"
Deleting file ".\CortexM3\ARM_GCC_473\Debug\PiUART_TXD.o"
Deleting file ".\CortexM3\ARM_GCC_473\Debug\BotPsoc.hex"
Deleting file ".\CortexM3\ARM_GCC_473\Debug\BotPsoc.elf"
Deleting file ".\CortexM3\ARM_GCC_473\Debug\BotPsoc.map"
Deleting file ".\BotPsoc.cycdx"
Deleting file ".\BotPsoc.svd"
Deleting file ".\BotPsoc.rpt"
Deleting file ".\BotPsoc_timing.html"
Deleting file ".\CortexM3\ARM_GCC_473\Debug\.deps\C_FILE.P"
Deleting file ".\CortexM3\ARM_GCC_473\Debug\.deps\ARM_C_FILE.P"
Deleting file ".\CortexM3\ARM_GCC_473\Debug\.deps\GNU_ARM_ASM_FILE.P"
cydsfit.exe "-.appdatapath" "C:\Users\lloyd\AppData\Local\Cypress Semiconductor\PSoC Creator\3.0" "-.fdsnotice" "-.fdswarpdepfile=warp_dependencies.txt" "-.fdselabdepfile=elab_dependencies.txt" "-.fdsbldfile=generated_files.txt" "-p" "C:\GitHub\RPi-Dev\BotPsoc\BotPsoc.cydsn\BotPsoc.cyprj" "-d" "CY8C5868AXI-LP032" "-s" "C:\GitHub\RPi-Dev\BotPsoc\BotPsoc.cydsn\Generated_Source\PSoC5" "--" "-yv2" "-v3" "-ygs" "-q10" "-o2" "-.fftcfgtype=LE"
Elaborating Design...
HDL Generation ...
Synthesis ...
Place and Route ...
Tech mapping ...
Info: mpr.M0037: Unused pieces of the design have been optimized out. See the Tech mapping section of the report file for details. (App=cydsfit)
Analog Placement ...
Analog Routing ...
Analog Code Generation ...
Digital Placement ...
Digital Routing ...
Bitstream Generation ...
Static timing analysis ...
API Generation ...
Dependency Generation ...
Clean Temporary Files ...
arm-none-eabi-gcc.exe -I. -I./Generated_Source/PSoC5 -Wno-main -mcpu=cortex-m3 -mthumb -Wall -g -D DEBUG -Wa,-alh=.\CortexM3\ARM_GCC_473\Debug\main.lst -ffunction-sections -c .\main.c -o .\CortexM3\ARM_GCC_473\Debug\main.o
arm-none-eabi-gcc.exe -I. -I./Generated_Source/PSoC5 -Wno-main -mcpu=cortex-m3 -mthumb -Wall -g -D DEBUG -Wa,-alh=.\CortexM3\ARM_GCC_473\Debug\spi_ring.lst -ffunction-sections -c .\spi_ring.c -o .\CortexM3\ARM_GCC_473\Debug\spi_ring.o
arm-none-eabi-gcc.exe -I. -I./Generated_Source/PSoC5 -Wno-main -mcpu=cortex-m3 -mthumb -Wall -g -D DEBUG -Wa,-alh=.\CortexM3\ARM_GCC_473\Debug\base_motion.lst -ffunction-sections -c .\base_motion.c -o .\CortexM3\ARM_GCC_473\Debug\base_motion.o
arm-none-eabi-gcc.exe -I. -I./Generated_Source/PSoC5 -Wno-main -mcpu=cortex-m3 -mthumb -Wall -g -D DEBUG -Wa,-alh=.\CortexM3\ARM_GCC_473\Debug\cyfitter_cfg.lst -ffunction-sections -c .\Generated_Source\PSoC5\cyfitter_cfg.c -o .\CortexM3\ARM_GCC_473\Debug\cyfitter_cfg.o
arm-none-eabi-gcc.exe -I. -I./Generated_Source/PSoC5 -Wno-main -mcpu=cortex-m3 -mthumb -Wall -g -D DEBUG -Wa,-alh=.\CortexM3\ARM_GCC_473\Debug\cymetadata.lst -ffunction-sections -c .\Generated_Source\PSoC5\cymetadata.c -o .\CortexM3\ARM_GCC_473\Debug\cymetadata.o
arm-none-eabi-gcc.exe -I. -I./Generated_Source/PSoC5 -Wno-main -mcpu=cortex-m3 -mthumb -Wall -g -D DEBUG -Wa,-alh=.\CortexM3\ARM_GCC_473\Debug\Debug0.lst -ffunction-sections -c .\Generated_Source\PSoC5\Debug0.c -o .\CortexM3\ARM_GCC_473\Debug\Debug0.o
arm-none-eabi-gcc.exe -I. -I./Generated_Source/PSoC5 -Wno-main -mcpu=cortex-m3 -mthumb -Wall -g -D DEBUG -Wa,-alh=.\CortexM3\ARM_GCC_473\Debug\Debug1.lst -ffunction-sections -c .\Generated_Source\PSoC5\Debug1.c -o .\CortexM3\ARM_GCC_473\Debug\Debug1.o
arm-none-eabi-gcc.exe -I. -I./Generated_Source/PSoC5 -Wno-main -mcpu=cortex-m3 -mthumb -Wall -g -D DEBUG -Wa,-alh=.\CortexM3\ARM_GCC_473\Debug\Cm3Start.lst -ffunction-sections -c .\Generated_Source\PSoC5\Cm3Start.c -o .\CortexM3\ARM_GCC_473\Debug\Cm3Start.o
arm-none-eabi-as.exe -I. -I./Generated_Source/PSoC5 -mcpu=cortex-m3 -mthumb -g -alh=.\CortexM3\ARM_GCC_473\Debug/CyBootAsmGnu.lst -o .\CortexM3\ARM_GCC_473\Debug\CyBootAsmGnu.o .\Generated_Source\PSoC5\CyBootAsmGnu.s
arm-none-eabi-gcc.exe -I. -I./Generated_Source/PSoC5 -Wno-main -mcpu=cortex-m3 -mthumb -Wall -g -D DEBUG -Wa,-alh=.\CortexM3\ARM_GCC_473\Debug\CyDmac.lst -ffunction-sections -c .\Generated_Source\PSoC5\CyDmac.c -o .\CortexM3\ARM_GCC_473\Debug\CyDmac.o
arm-none-eabi-gcc.exe -I. -I./Generated_Source/PSoC5 -Wno-main -mcpu=cortex-m3 -mthumb -Wall -g -D DEBUG -Wa,-alh=.\CortexM3\ARM_GCC_473\Debug\CyFlash.lst -ffunction-sections -c .\Generated_Source\PSoC5\CyFlash.c -o .\CortexM3\ARM_GCC_473\Debug\CyFlash.o
arm-none-eabi-gcc.exe -I. -I./Generated_Source/PSoC5 -Wno-main -mcpu=cortex-m3 -mthumb -Wall -g -D DEBUG -Wa,-alh=.\CortexM3\ARM_GCC_473\Debug\CyLib.lst -ffunction-sections -c .\Generated_Source\PSoC5\CyLib.c -o .\CortexM3\ARM_GCC_473\Debug\CyLib.o
arm-none-eabi-gcc.exe -I. -I./Generated_Source/PSoC5 -Wno-main -mcpu=cortex-m3 -mthumb -Wall -g -D DEBUG -Wa,-alh=.\CortexM3\ARM_GCC_473\Debug\cyPm.lst -ffunction-sections -c .\Generated_Source\PSoC5\cyPm.c -o .\CortexM3\ARM_GCC_473\Debug\cyPm.o
arm-none-eabi-gcc.exe -I. -I./Generated_Source/PSoC5 -Wno-main -mcpu=cortex-m3 -mthumb -Wall -g -D DEBUG -Wa,-alh=.\CortexM3\ARM_GCC_473\Debug\CySpc.lst -ffunction-sections -c .\Generated_Source\PSoC5\CySpc.c -o .\CortexM3\ARM_GCC_473\Debug\CySpc.o
arm-none-eabi-gcc.exe -I. -I./Generated_Source/PSoC5 -Wno-main -mcpu=cortex-m3 -mthumb -Wall -g -D DEBUG -Wa,-alh=.\CortexM3\ARM_GCC_473\Debug\cyutils.lst -ffunction-sections -c .\Generated_Source\PSoC5\cyutils.c -o .\CortexM3\ARM_GCC_473\Debug\cyutils.o
arm-none-eabi-gcc.exe -I. -I./Generated_Source/PSoC5 -Wno-main -mcpu=cortex-m3 -mthumb -Wall -g -D DEBUG -Wa,-alh=.\CortexM3\ARM_GCC_473\Debug\PiComs.lst -ffunction-sections -c .\Generated_Source\PSoC5\PiComs.c -o .\CortexM3\ARM_GCC_473\Debug\PiComs.o
arm-none-eabi-gcc.exe -I. -I./Generated_Source/PSoC5 -Wno-main -mcpu=cortex-m3 -mthumb -Wall -g -D DEBUG -Wa,-alh=.\CortexM3\ARM_GCC_473\Debug\PiComs_PM.lst -ffunction-sections -c .\Generated_Source\PSoC5\PiComs_PM.c -o .\CortexM3\ARM_GCC_473\Debug\PiComs_PM.o
arm-none-eabi-gcc.exe -I. -I./Generated_Source/PSoC5 -Wno-main -mcpu=cortex-m3 -mthumb -Wall -g -D DEBUG -Wa,-alh=.\CortexM3\ARM_GCC_473\Debug\PiComs_INT.lst -ffunction-sections -c .\Generated_Source\PSoC5\PiComs_INT.c -o .\CortexM3\ARM_GCC_473\Debug\PiComs_INT.o
arm-none-eabi-gcc.exe -I. -I./Generated_Source/PSoC5 -Wno-main -mcpu=cortex-m3 -mthumb -Wall -g -D DEBUG -Wa,-alh=.\CortexM3\ARM_GCC_473\Debug\PiComs_BOOT.lst -ffunction-sections -c .\Generated_Source\PSoC5\PiComs_BOOT.c -o .\CortexM3\ARM_GCC_473\Debug\PiComs_BOOT.o
arm-none-eabi-gcc.exe -I. -I./Generated_Source/PSoC5 -Wno-main -mcpu=cortex-m3 -mthumb -Wall -g -D DEBUG -Wa,-alh=.\CortexM3\ARM_GCC_473\Debug\PiSPI_MOSI.lst -ffunction-sections -c .\Generated_Source\PSoC5\PiSPI_MOSI.c -o .\CortexM3\ARM_GCC_473\Debug\PiSPI_MOSI.o
arm-none-eabi-gcc.exe -I. -I./Generated_Source/PSoC5 -Wno-main -mcpu=cortex-m3 -mthumb -Wall -g -D DEBUG -Wa,-alh=.\CortexM3\ARM_GCC_473\Debug\PiSPI_SCLK.lst -ffunction-sections -c .\Generated_Source\PSoC5\PiSPI_SCLK.c -o .\CortexM3\ARM_GCC_473\Debug\PiSPI_SCLK.o
arm-none-eabi-gcc.exe -I. -I./Generated_Source/PSoC5 -Wno-main -mcpu=cortex-m3 -mthumb -Wall -g -D DEBUG -Wa,-alh=.\CortexM3\ARM_GCC_473\Debug\PiSPI_SS.lst -ffunction-sections -c .\Generated_Source\PSoC5\PiSPI_SS.c -o .\CortexM3\ARM_GCC_473\Debug\PiSPI_SS.o
arm-none-eabi-gcc.exe -I. -I./Generated_Source/PSoC5 -Wno-main -mcpu=cortex-m3 -mthumb -Wall -g -D DEBUG -Wa,-alh=.\CortexM3\ARM_GCC_473\Debug\PiSPI_MISO.lst -ffunction-sections -c .\Generated_Source\PSoC5\PiSPI_MISO.c -o .\CortexM3\ARM_GCC_473\Debug\PiSPI_MISO.o
arm-none-eabi-gcc.exe -I. -I./Generated_Source/PSoC5 -Wno-main -mcpu=cortex-m3 -mthumb -Wall -g -D DEBUG -Wa,-alh=.\CortexM3\ARM_GCC_473\Debug\PiSPI_CLK.lst -ffunction-sections -c .\Generated_Source\PSoC5\PiSPI_CLK.c -o .\CortexM3\ARM_GCC_473\Debug\PiSPI_CLK.o
arm-none-eabi-gcc.exe -I. -I./Generated_Source/PSoC5 -Wno-main -mcpu=cortex-m3 -mthumb -Wall -g -D DEBUG -Wa,-alh=.\CortexM3\ARM_GCC_473\Debug\Debug2.lst -ffunction-sections -c .\Generated_Source\PSoC5\Debug2.c -o .\CortexM3\ARM_GCC_473\Debug\Debug2.o
arm-none-eabi-gcc.exe -I. -I./Generated_Source/PSoC5 -Wno-main -mcpu=cortex-m3 -mthumb -Wall -g -D DEBUG -Wa,-alh=.\CortexM3\ARM_GCC_473\Debug\Debug3.lst -ffunction-sections -c .\Generated_Source\PSoC5\Debug3.c -o .\CortexM3\ARM_GCC_473\Debug\Debug3.o
arm-none-eabi-gcc.exe -I. -I./Generated_Source/PSoC5 -Wno-main -mcpu=cortex-m3 -mthumb -Wall -g -D DEBUG -Wa,-alh=.\CortexM3\ARM_GCC_473\Debug\Debug4.lst -ffunction-sections -c .\Generated_Source\PSoC5\Debug4.c -o .\CortexM3\ARM_GCC_473\Debug\Debug4.o
arm-none-eabi-gcc.exe -I. -I./Generated_Source/PSoC5 -Wno-main -mcpu=cortex-m3 -mthumb -Wall -g -D DEBUG -Wa,-alh=.\CortexM3\ARM_GCC_473\Debug\Debug5.lst -ffunction-sections -c .\Generated_Source\PSoC5\Debug5.c -o .\CortexM3\ARM_GCC_473\Debug\Debug5.o
arm-none-eabi-gcc.exe -I. -I./Generated_Source/PSoC5 -Wno-main -mcpu=cortex-m3 -mthumb -Wall -g -D DEBUG -Wa,-alh=.\CortexM3\ARM_GCC_473\Debug\Debug6.lst -ffunction-sections -c .\Generated_Source\PSoC5\Debug6.c -o .\CortexM3\ARM_GCC_473\Debug\Debug6.o
arm-none-eabi-gcc.exe -I. -I./Generated_Source/PSoC5 -Wno-main -mcpu=cortex-m3 -mthumb -Wall -g -D DEBUG -Wa,-alh=.\CortexM3\ARM_GCC_473\Debug\Debug7.lst -ffunction-sections -c .\Generated_Source\PSoC5\Debug7.c -o .\CortexM3\ARM_GCC_473\Debug\Debug7.o
arm-none-eabi-gcc.exe -I. -I./Generated_Source/PSoC5 -Wno-main -mcpu=cortex-m3 -mthumb -Wall -g -D DEBUG -Wa,-alh=.\CortexM3\ARM_GCC_473\Debug\SpiXmitDma_dma.lst -ffunction-sections -c .\Generated_Source\PSoC5\SpiXmitDma_dma.c -o .\CortexM3\ARM_GCC_473\Debug\SpiXmitDma_dma.o
arm-none-eabi-gcc.exe -I. -I./Generated_Source/PSoC5 -Wno-main -mcpu=cortex-m3 -mthumb -Wall -g -D DEBUG -Wa,-alh=.\CortexM3\ARM_GCC_473\Debug\SpiRcvDma_dma.lst -ffunction-sections -c .\Generated_Source\PSoC5\SpiRcvDma_dma.c -o .\CortexM3\ARM_GCC_473\Debug\SpiRcvDma_dma.o
arm-none-eabi-gcc.exe -I. -I./Generated_Source/PSoC5 -Wno-main -mcpu=cortex-m3 -mthumb -Wall -g -D DEBUG -Wa,-alh=.\CortexM3\ARM_GCC_473\Debug\SpiXferDone.lst -ffunction-sections -c .\Generated_Source\PSoC5\SpiXferDone.c -o .\CortexM3\ARM_GCC_473\Debug\SpiXferDone.o
arm-none-eabi-gcc.exe -I. -I./Generated_Source/PSoC5 -Wno-main -mcpu=cortex-m3 -mthumb -Wall -g -D DEBUG -Wa,-alh=.\CortexM3\ARM_GCC_473\Debug\RDV2.lst -ffunction-sections -c .\Generated_Source\PSoC5\RDV2.c -o .\CortexM3\ARM_GCC_473\Debug\RDV2.o
arm-none-eabi-gcc.exe -I. -I./Generated_Source/PSoC5 -Wno-main -mcpu=cortex-m3 -mthumb -Wall -g -D DEBUG -Wa,-alh=.\CortexM3\ARM_GCC_473\Debug\RDG2.lst -ffunction-sections -c .\Generated_Source\PSoC5\RDG2.c -o .\CortexM3\ARM_GCC_473\Debug\RDG2.o
arm-none-eabi-gcc.exe -I. -I./Generated_Source/PSoC5 -Wno-main -mcpu=cortex-m3 -mthumb -Wall -g -D DEBUG -Wa,-alh=.\CortexM3\ARM_GCC_473\Debug\RDV1.lst -ffunction-sections -c .\Generated_Source\PSoC5\RDV1.c -o .\CortexM3\ARM_GCC_473\Debug\RDV1.o
arm-none-eabi-gcc.exe -I. -I./Generated_Source/PSoC5 -Wno-main -mcpu=cortex-m3 -mthumb -Wall -g -D DEBUG -Wa,-alh=.\CortexM3\ARM_GCC_473\Debug\RDG1.lst -ffunction-sections -c .\Generated_Source\PSoC5\RDG1.c -o .\CortexM3\ARM_GCC_473\Debug\RDG1.o
arm-none-eabi-gcc.exe -I. -I./Generated_Source/PSoC5 -Wno-main -mcpu=cortex-m3 -mthumb -Wall -g -D DEBUG -Wa,-alh=.\CortexM3\ARM_GCC_473\Debug\LDV2.lst -ffunction-sections -c .\Generated_Source\PSoC5\LDV2.c -o .\CortexM3\ARM_GCC_473\Debug\LDV2.o
arm-none-eabi-gcc.exe -I. -I./Generated_Source/PSoC5 -Wno-main -mcpu=cortex-m3 -mthumb -Wall -g -D DEBUG -Wa,-alh=.\CortexM3\ARM_GCC_473\Debug\LDV1.lst -ffunction-sections -c .\Generated_Source\PSoC5\LDV1.c -o .\CortexM3\ARM_GCC_473\Debug\LDV1.o
arm-none-eabi-gcc.exe -I. -I./Generated_Source/PSoC5 -Wno-main -mcpu=cortex-m3 -mthumb -Wall -g -D DEBUG -Wa,-alh=.\CortexM3\ARM_GCC_473\Debug\LDG2.lst -ffunction-sections -c .\Generated_Source\PSoC5\LDG2.c -o .\CortexM3\ARM_GCC_473\Debug\LDG2.o
arm-none-eabi-gcc.exe -I. -I./Generated_Source/PSoC5 -Wno-main -mcpu=cortex-m3 -mthumb -Wall -g -D DEBUG -Wa,-alh=.\CortexM3\ARM_GCC_473\Debug\LDG1.lst -ffunction-sections -c .\Generated_Source\PSoC5\LDG1.c -o .\CortexM3\ARM_GCC_473\Debug\LDG1.o
arm-none-eabi-gcc.exe -I. -I./Generated_Source/PSoC5 -Wno-main -mcpu=cortex-m3 -mthumb -Wall -g -D DEBUG -Wa,-alh=.\CortexM3\ARM_GCC_473\Debug\LMotorPwm.lst -ffunction-sections -c .\Generated_Source\PSoC5\LMotorPwm.c -o .\CortexM3\ARM_GCC_473\Debug\LMotorPwm.o
arm-none-eabi-gcc.exe -I. -I./Generated_Source/PSoC5 -Wno-main -mcpu=cortex-m3 -mthumb -Wall -g -D DEBUG -Wa,-alh=.\CortexM3\ARM_GCC_473\Debug\LMotorPwm_PM.lst -ffunction-sections -c .\Generated_Source\PSoC5\LMotorPwm_PM.c -o .\CortexM3\ARM_GCC_473\Debug\LMotorPwm_PM.o
arm-none-eabi-gcc.exe -I. -I./Generated_Source/PSoC5 -Wno-main -mcpu=cortex-m3 -mthumb -Wall -g -D DEBUG -Wa,-alh=.\CortexM3\ARM_GCC_473\Debug\MotorPwmClock.lst -ffunction-sections -c .\Generated_Source\PSoC5\MotorPwmClock.c -o .\CortexM3\ARM_GCC_473\Debug\MotorPwmClock.o
arm-none-eabi-gcc.exe -I. -I./Generated_Source/PSoC5 -Wno-main -mcpu=cortex-m3 -mthumb -Wall -g -D DEBUG -Wa,-alh=.\CortexM3\ARM_GCC_473\Debug\RMotorPwm.lst -ffunction-sections -c .\Generated_Source\PSoC5\RMotorPwm.c -o .\CortexM3\ARM_GCC_473\Debug\RMotorPwm.o
arm-none-eabi-gcc.exe -I. -I./Generated_Source/PSoC5 -Wno-main -mcpu=cortex-m3 -mthumb -Wall -g -D DEBUG -Wa,-alh=.\CortexM3\ARM_GCC_473\Debug\RMotorPwm_PM.lst -ffunction-sections -c .\Generated_Source\PSoC5\RMotorPwm_PM.c -o .\CortexM3\ARM_GCC_473\Debug\RMotorPwm_PM.o
arm-none-eabi-gcc.exe -I. -I./Generated_Source/PSoC5 -Wno-main -mcpu=cortex-m3 -mthumb -Wall -g -D DEBUG -Wa,-alh=.\CortexM3\ARM_GCC_473\Debug\MotorControlReg.lst -ffunction-sections -c .\Generated_Source\PSoC5\MotorControlReg.c -o .\CortexM3\ARM_GCC_473\Debug\MotorControlReg.o
arm-none-eabi-gcc.exe -I. -I./Generated_Source/PSoC5 -Wno-main -mcpu=cortex-m3 -mthumb -Wall -g -D DEBUG -Wa,-alh=.\CortexM3\ARM_GCC_473\Debug\SerDrv_485Sel.lst -ffunction-sections -c .\Generated_Source\PSoC5\SerDrv_485Sel.c -o .\CortexM3\ARM_GCC_473\Debug\SerDrv_485Sel.o
arm-none-eabi-gcc.exe -I. -I./Generated_Source/PSoC5 -Wno-main -mcpu=cortex-m3 -mthumb -Wall -g -D DEBUG -Wa,-alh=.\CortexM3\ARM_GCC_473\Debug\SerDrv_Enable.lst -ffunction-sections -c .\Generated_Source\PSoC5\SerDrv_Enable.c -o .\CortexM3\ARM_GCC_473\Debug\SerDrv_Enable.o
arm-none-eabi-gcc.exe -I. -I./Generated_Source/PSoC5 -Wno-main -mcpu=cortex-m3 -mthumb -Wall -g -D DEBUG -Wa,-alh=.\CortexM3\ARM_GCC_473\Debug\SerDrv_RA.lst -ffunction-sections -c .\Generated_Source\PSoC5\SerDrv_RA.c -o .\CortexM3\ARM_GCC_473\Debug\SerDrv_RA.o
arm-none-eabi-gcc.exe -I. -I./Generated_Source/PSoC5 -Wno-main -mcpu=cortex-m3 -mthumb -Wall -g -D DEBUG -Wa,-alh=.\CortexM3\ARM_GCC_473\Debug\SerDrv_RB.lst -ffunction-sections -c .\Generated_Source\PSoC5\SerDrv_RB.c -o .\CortexM3\ARM_GCC_473\Debug\SerDrv_RB.o
arm-none-eabi-gcc.exe -I. -I./Generated_Source/PSoC5 -Wno-main -mcpu=cortex-m3 -mthumb -Wall -g -D DEBUG -Wa,-alh=.\CortexM3\ARM_GCC_473\Debug\SerDrv_DY.lst -ffunction-sections -c .\Generated_Source\PSoC5\SerDrv_DY.c -o .\CortexM3\ARM_GCC_473\Debug\SerDrv_DY.o
arm-none-eabi-gcc.exe -I. -I./Generated_Source/PSoC5 -Wno-main -mcpu=cortex-m3 -mthumb -Wall -g -D DEBUG -Wa,-alh=.\CortexM3\ARM_GCC_473\Debug\SerDrv_DZ.lst -ffunction-sections -c .\Generated_Source\PSoC5\SerDrv_DZ.c -o .\CortexM3\ARM_GCC_473\Debug\SerDrv_DZ.o
arm-none-eabi-gcc.exe -I. -I./Generated_Source/PSoC5 -Wno-main -mcpu=cortex-m3 -mthumb -Wall -g -D DEBUG -Wa,-alh=.\CortexM3\ARM_GCC_473\Debug\PiUART_RXD.lst -ffunction-sections -c .\Generated_Source\PSoC5\PiUART_RXD.c -o .\CortexM3\ARM_GCC_473\Debug\PiUART_RXD.o
arm-none-eabi-gcc.exe -I. -I./Generated_Source/PSoC5 -Wno-main -mcpu=cortex-m3 -mthumb -Wall -g -D DEBUG -Wa,-alh=.\CortexM3\ARM_GCC_473\Debug\PiUART_TXD.lst -ffunction-sections -c .\Generated_Source\PSoC5\PiUART_TXD.c -o .\CortexM3\ARM_GCC_473\Debug\PiUART_TXD.o
arm-none-eabi-ar.exe -rs .\CortexM3\ARM_GCC_473\Debug\BotPsoc.a .\CortexM3\ARM_GCC_473\Debug\cyfitter_cfg.o .\CortexM3\ARM_GCC_473\Debug\Debug0.o .\CortexM3\ARM_GCC_473\Debug\Debug1.o .\CortexM3\ARM_GCC_473\Debug\CyBootAsmGnu.o .\CortexM3\ARM_GCC_473\Debug\CyDmac.o .\CortexM3\ARM_GCC_473\Debug\CyFlash.o .\CortexM3\ARM_GCC_473\Debug\CyLib.o .\CortexM3\ARM_GCC_473\Debug\cyPm.o .\CortexM3\ARM_GCC_473\Debug\CySpc.o .\CortexM3\ARM_GCC_473\Debug\cyutils.o .\CortexM3\ARM_GCC_473\Debug\PiComs.o .\CortexM3\ARM_GCC_473\Debug\PiComs_PM.o .\CortexM3\ARM_GCC_473\Debug\PiComs_INT.o .\CortexM3\ARM_GCC_473\Debug\PiComs_BOOT.o .\CortexM3\ARM_GCC_473\Debug\PiSPI_MOSI.o .\CortexM3\ARM_GCC_473\Debug\PiSPI_SCLK.o .\CortexM3\ARM_GCC_473\Debug\PiSPI_SS.o .\CortexM3\ARM_GCC_473\Debug\PiSPI_MISO.o .\CortexM3\ARM_GCC_473\Debug\PiSPI_CLK.o .\CortexM3\ARM_GCC_473\Debug\Debug2.o .\CortexM3\ARM_GCC_473\Debug\Debug3.o .\CortexM3\ARM_GCC_473\Debug\Debug4.o .\CortexM3\ARM_GCC_473\Debug\Debug5.o .\CortexM3\ARM_GCC_473\Debug\Debug6.o .\CortexM3\ARM_GCC_473\Debug\Debug7.o .\CortexM3\ARM_GCC_473\Debug\SpiXmitDma_dma.o .\CortexM3\ARM_GCC_473\Debug\SpiRcvDma_dma.o .\CortexM3\ARM_GCC_473\Debug\SpiXferDone.o .\CortexM3\ARM_GCC_473\Debug\RDV2.o .\CortexM3\ARM_GCC_473\Debug\RDG2.o .\CortexM3\ARM_GCC_473\Debug\RDV1.o .\CortexM3\ARM_GCC_473\Debug\RDG1.o .\CortexM3\ARM_GCC_473\Debug\LDV2.o .\CortexM3\ARM_GCC_473\Debug\LDV1.o .\CortexM3\ARM_GCC_473\Debug\LDG2.o .\CortexM3\ARM_GCC_473\Debug\LDG1.o .\CortexM3\ARM_GCC_473\Debug\LMotorPwm.o .\CortexM3\ARM_GCC_473\Debug\LMotorPwm_PM.o .\CortexM3\ARM_GCC_473\Debug\MotorPwmClock.o .\CortexM3\ARM_GCC_473\Debug\RMotorPwm.o .\CortexM3\ARM_GCC_473\Debug\RMotorPwm_PM.o .\CortexM3\ARM_GCC_473\Debug\MotorControlReg.o .\CortexM3\ARM_GCC_473\Debug\SerDrv_485Sel.o .\CortexM3\ARM_GCC_473\Debug\SerDrv_Enable.o .\CortexM3\ARM_GCC_473\Debug\SerDrv_RA.o .\CortexM3\ARM_GCC_473\Debug\SerDrv_RB.o .\CortexM3\ARM_GCC_473\Debug\SerDrv_DY.o .\CortexM3\ARM_GCC_473\Debug\SerDrv_DZ.o .\CortexM3\ARM_GCC_473\Debug\PiUART_RXD.o .\CortexM3\ARM_GCC_473\Debug\PiUART_TXD.o
arm-none-eabi-ar.exe: creating .\CortexM3\ARM_GCC_473\Debug\BotPsoc.a
arm-none-eabi-gcc.exe -mthumb -march=armv7-m -mfix-cortex-m3-ldrd -T .\Generated_Source\PSoC5\cm3gcc.ld -g -Wl,-Map,.\CortexM3\ARM_GCC_473\Debug\BotPsoc.map -specs=nano.specs -Wl,--gc-sections -Wl,--start-group -o .\CortexM3\ARM_GCC_473\Debug\BotPsoc.elf .\CortexM3\ARM_GCC_473\Debug\main.o .\CortexM3\ARM_GCC_473\Debug\spi_ring.o .\CortexM3\ARM_GCC_473\Debug\base_motion.o .\CortexM3\ARM_GCC_473\Debug\cymetadata.o .\CortexM3\ARM_GCC_473\Debug\Cm3Start.o .\CortexM3\ARM_GCC_473\Debug\BotPsoc.a "C:\Program Files (x86)\Cypress\PSoC Creator\3.0\PSoC Creator\psoc\content\cycomponentlibrary\CyComponentLibrary.cylib\CortexM3\ARM_GCC_473\Debug\CyComponentLibrary.a" -Wl,--end-group
cyelftool.exe -C C:\GitHub\RPi-Dev\BotPsoc\BotPsoc.cydsn\CortexM3\ARM_GCC_473\Debug\BotPsoc.elf --flash_size 262144 --flash_row_size 256
cyelftool.exe -S C:\GitHub\RPi-Dev\BotPsoc\BotPsoc.cydsn\CortexM3\ARM_GCC_473\Debug\BotPsoc.elf
Flash used: 5766 of 262144 bytes (2.2 %).
SRAM used: 20877 of 65536 bytes (31.9 %).
--------------- Rebuild Succeeded: 01/08/2014 15:56:26 ---------------
