ARM GAS  C:\Users\lloyd\AppData\Local\Temp\ccpEnm9M.s 			page 1


   1              		.syntax unified
   2              		.cpu cortex-m3
   3              		.fpu softvfp
   4              		.eabi_attribute 20, 1
   5              		.eabi_attribute 21, 1
   6              		.eabi_attribute 23, 3
   7              		.eabi_attribute 24, 1
   8              		.eabi_attribute 25, 1
   9              		.eabi_attribute 26, 1
  10              		.eabi_attribute 30, 6
  11              		.eabi_attribute 34, 1
  12              		.eabi_attribute 18, 4
  13              		.thumb
  14              		.file	"cymetadata.c"
  15              		.text
  16              	.Ltext0:
  17              		.cfi_sections	.debug_frame
  18              		.global	cy_meta_configecc
  19              		.section	.cyconfigecc,"a",%progbits
  20              		.align	2
  21              		.type	cy_meta_configecc, %object
  22              		.size	cy_meta_configecc, 1056
  23              	cy_meta_configecc:
  24 0000 04       		.byte	4
  25 0001 4F       		.byte	79
  26 0002 00       		.byte	0
  27 0003 40       		.byte	64
  28 0004 07       		.byte	7
  29 0005 52       		.byte	82
  30 0006 00       		.byte	0
  31 0007 40       		.byte	64
  32 0008 02       		.byte	2
  33 0009 64       		.byte	100
  34 000a 00       		.byte	0
  35 000b 40       		.byte	64
  36 000c 01       		.byte	1
  37 000d 65       		.byte	101
  38 000e 00       		.byte	0
  39 000f 40       		.byte	64
  40 0010 01       		.byte	1
  41 0011 05       		.byte	5
  42 0012 01       		.byte	1
  43 0013 40       		.byte	64
  44 0014 0C       		.byte	12
  45 0015 06       		.byte	6
  46 0016 01       		.byte	1
  47 0017 40       		.byte	64
  48 0018 0C       		.byte	12
  49 0019 07       		.byte	7
  50 001a 01       		.byte	1
  51 001b 40       		.byte	64
  52 001c 3A       		.byte	58
  53 001d 08       		.byte	8
  54 001e 01       		.byte	1
  55 001f 40       		.byte	64
  56 0020 38       		.byte	56
  57 0021 09       		.byte	9
ARM GAS  C:\Users\lloyd\AppData\Local\Temp\ccpEnm9M.s 			page 2


  58 0022 01       		.byte	1
  59 0023 40       		.byte	64
  60 0024 1B       		.byte	27
  61 0025 0A       		.byte	10
  62 0026 01       		.byte	1
  63 0027 40       		.byte	64
  64 0028 18       		.byte	24
  65 0029 0B       		.byte	11
  66 002a 01       		.byte	1
  67 002b 40       		.byte	64
  68 002c 04       		.byte	4
  69 002d 0C       		.byte	12
  70 002e 01       		.byte	1
  71 002f 40       		.byte	64
  72 0030 02       		.byte	2
  73 0031 0D       		.byte	13
  74 0032 01       		.byte	1
  75 0033 40       		.byte	64
  76 0034 06       		.byte	6
  77 0035 15       		.byte	21
  78 0036 01       		.byte	1
  79 0037 40       		.byte	64
  80 0038 0A       		.byte	10
  81 0039 17       		.byte	23
  82 003a 01       		.byte	1
  83 003b 40       		.byte	64
  84 003c 29       		.byte	41
  85 003d 18       		.byte	24
  86 003e 01       		.byte	1
  87 003f 40       		.byte	64
  88 0040 33       		.byte	51
  89 0041 19       		.byte	25
  90 0042 01       		.byte	1
  91 0043 40       		.byte	64
  92 0044 0D       		.byte	13
  93 0045 1B       		.byte	27
  94 0046 01       		.byte	1
  95 0047 40       		.byte	64
  96 0048 03       		.byte	3
  97 0049 40       		.byte	64
  98 004a 01       		.byte	1
  99 004b 40       		.byte	64
 100 004c 02       		.byte	2
 101 004d 41       		.byte	65
 102 004e 01       		.byte	1
 103 004f 40       		.byte	64
 104 0050 08       		.byte	8
 105 0051 42       		.byte	66
 106 0052 01       		.byte	1
 107 0053 40       		.byte	64
 108 0054 06       		.byte	6
 109 0055 43       		.byte	67
 110 0056 01       		.byte	1
 111 0057 40       		.byte	64
 112 0058 04       		.byte	4
 113 0059 44       		.byte	68
 114 005a 01       		.byte	1
ARM GAS  C:\Users\lloyd\AppData\Local\Temp\ccpEnm9M.s 			page 3


 115 005b 40       		.byte	64
 116 005c 02       		.byte	2
 117 005d 45       		.byte	69
 118 005e 01       		.byte	1
 119 005f 40       		.byte	64
 120 0060 07       		.byte	7
 121 0061 46       		.byte	70
 122 0062 01       		.byte	1
 123 0063 40       		.byte	64
 124 0064 04       		.byte	4
 125 0065 47       		.byte	71
 126 0066 01       		.byte	1
 127 0067 40       		.byte	64
 128 0068 09       		.byte	9
 129 0069 48       		.byte	72
 130 006a 01       		.byte	1
 131 006b 40       		.byte	64
 132 006c 14       		.byte	20
 133 006d 49       		.byte	73
 134 006e 01       		.byte	1
 135 006f 40       		.byte	64
 136 0070 07       		.byte	7
 137 0071 4C       		.byte	76
 138 0072 01       		.byte	1
 139 0073 40       		.byte	64
 140 0074 1C       		.byte	28
 141 0075 4D       		.byte	77
 142 0076 01       		.byte	1
 143 0077 40       		.byte	64
 144 0078 07       		.byte	7
 145 0079 50       		.byte	80
 146 007a 01       		.byte	1
 147 007b 40       		.byte	64
 148 007c 02       		.byte	2
 149 007d 51       		.byte	81
 150 007e 01       		.byte	1
 151 007f 40       		.byte	64
 152 0080 01       		.byte	1
 153 0081 10       		.byte	16
 154 0082 0A       		.byte	10
 155 0083 4B       		.byte	75
 156 0084 0D       		.byte	13
 157 0085 10       		.byte	16
 158 0086 16       		.byte	22
 159 0087 4B       		.byte	75
 160 0088 19       		.byte	25
 161 0089 02       		.byte	2
 162 008a 28       		.byte	40
 163 008b 3C       		.byte	60
 164 008c 29       		.byte	41
 165 008d 55       		.byte	85
 166 008e 30       		.byte	48
 167 008f 40       		.byte	64
 168 0090 31       		.byte	49
 169 0091 40       		.byte	64
 170 0092 34       		.byte	52
 171 0093 20       		.byte	32
ARM GAS  C:\Users\lloyd\AppData\Local\Temp\ccpEnm9M.s 			page 4


 172 0094 78       		.byte	120
 173 0095 20       		.byte	32
 174 0096 88       		.byte	-120
 175 0097 07       		.byte	7
 176 0098 89       		.byte	-119
 177 0099 78       		.byte	120
 178 009a 88       		.byte	-120
 179 009b 47       		.byte	71
 180 009c EA       		.byte	-22
 181 009d 08       		.byte	8
 182 009e 56       		.byte	86
 183 009f 08       		.byte	8
 184 00a0 5B       		.byte	91
 185 00a1 04       		.byte	4
 186 00a2 5D       		.byte	93
 187 00a3 90       		.byte	-112
 188 00a4 90       		.byte	-112
 189 00a5 01       		.byte	1
 190 00a6 96       		.byte	-106
 191 00a7 01       		.byte	1
 192 00a8 B6       		.byte	-74
 193 00a9 01       		.byte	1
 194 00aa BE       		.byte	-66
 195 00ab 40       		.byte	64
 196 00ac D6       		.byte	-42
 197 00ad 08       		.byte	8
 198 00ae D8       		.byte	-40
 199 00af 04       		.byte	4
 200 00b0 DB       		.byte	-37
 201 00b1 04       		.byte	4
 202 00b2 DD       		.byte	-35
 203 00b3 90       		.byte	-112
 204 00b4 DF       		.byte	-33
 205 00b5 01       		.byte	1
 206 00b6 08       		.byte	8
 207 00b7 01       		.byte	1
 208 00b8 0A       		.byte	10
 209 00b9 20       		.byte	32
 210 00ba 1B       		.byte	27
 211 00bb 80       		.byte	-128
 212 00bc 59       		.byte	89
 213 00bd A0       		.byte	-96
 214 00be 5C       		.byte	92
 215 00bf 50       		.byte	80
 216 00c0 61       		.byte	97
 217 00c1 80       		.byte	-128
 218 00c2 64       		.byte	100
 219 00c3 05       		.byte	5
 220 00c4 88       		.byte	-120
 221 00c5 05       		.byte	5
 222 00c6 C2       		.byte	-62
 223 00c7 0C       		.byte	12
 224 00c8 D6       		.byte	-42
 225 00c9 3C       		.byte	60
 226 00ca D8       		.byte	-40
 227 00cb 38       		.byte	56
 228 00cc E2       		.byte	-30
ARM GAS  C:\Users\lloyd\AppData\Local\Temp\ccpEnm9M.s 			page 5


 229 00cd 10       		.byte	16
 230 00ce 03       		.byte	3
 231 00cf 01       		.byte	1
 232 00d0 04       		.byte	4
 233 00d1 61       		.byte	97
 234 00d2 06       		.byte	6
 235 00d3 08       		.byte	8
 236 00d4 0A       		.byte	10
 237 00d5 40       		.byte	64
 238 00d6 10       		.byte	16
 239 00d7 10       		.byte	16
 240 00d8 11       		.byte	17
 241 00d9 02       		.byte	2
 242 00da 12       		.byte	18
 243 00db 61       		.byte	97
 244 00dc 16       		.byte	22
 245 00dd 1E       		.byte	30
 246 00de 1E       		.byte	30
 247 00df 01       		.byte	1
 248 00e0 20       		.byte	32
 249 00e1 61       		.byte	97
 250 00e2 22       		.byte	34
 251 00e3 02       		.byte	2
 252 00e4 28       		.byte	40
 253 00e5 61       		.byte	97
 254 00e6 2A       		.byte	42
 255 00e7 04       		.byte	4
 256 00e8 30       		.byte	48
 257 00e9 40       		.byte	64
 258 00ea 34       		.byte	52
 259 00eb 20       		.byte	32
 260 00ec 35       		.byte	53
 261 00ed 01       		.byte	1
 262 00ee 36       		.byte	54
 263 00ef 1F       		.byte	31
 264 00f0 37       		.byte	55
 265 00f1 02       		.byte	2
 266 00f2 3E       		.byte	62
 267 00f3 51       		.byte	81
 268 00f4 3F       		.byte	63
 269 00f5 40       		.byte	64
 270 00f6 40       		.byte	64
 271 00f7 02       		.byte	2
 272 00f8 41       		.byte	65
 273 00f9 04       		.byte	4
 274 00fa 42       		.byte	66
 275 00fb 20       		.byte	32
 276 00fc 44       		.byte	68
 277 00fd 01       		.byte	1
 278 00fe 45       		.byte	69
 279 00ff C0       		.byte	-64
 280 0100 46       		.byte	70
 281 0101 BF       		.byte	-65
 282 0102 47       		.byte	71
 283 0103 ED       		.byte	-19
 284 0104 48       		.byte	72
 285 0105 3E       		.byte	62
ARM GAS  C:\Users\lloyd\AppData\Local\Temp\ccpEnm9M.s 			page 6


 286 0106 49       		.byte	73
 287 0107 FF       		.byte	-1
 288 0108 4A       		.byte	74
 289 0109 FF       		.byte	-1
 290 010a 4B       		.byte	75
 291 010b FF       		.byte	-1
 292 010c 4C       		.byte	76
 293 010d 22       		.byte	34
 294 010e 4E       		.byte	78
 295 010f F0       		.byte	-16
 296 0110 4F       		.byte	79
 297 0111 0C       		.byte	12
 298 0112 50       		.byte	80
 299 0113 8C       		.byte	-116
 300 0114 51       		.byte	81
 301 0115 10       		.byte	16
 302 0116 56       		.byte	86
 303 0117 02       		.byte	2
 304 0118 57       		.byte	87
 305 0119 20       		.byte	32
 306 011a 58       		.byte	88
 307 011b 04       		.byte	4
 308 011c 59       		.byte	89
 309 011d 04       		.byte	4
 310 011e 5A       		.byte	90
 311 011f 24       		.byte	36
 312 0120 5B       		.byte	91
 313 0121 24       		.byte	36
 314 0122 5C       		.byte	92
 315 0123 80       		.byte	-128
 316 0124 5D       		.byte	93
 317 0125 88       		.byte	-120
 318 0126 5E       		.byte	94
 319 0127 08       		.byte	8
 320 0128 5F       		.byte	95
 321 0129 31       		.byte	49
 322 012a 68       		.byte	104
 323 012b 40       		.byte	64
 324 012c 69       		.byte	105
 325 012d 01       		.byte	1
 326 012e 6A       		.byte	106
 327 012f C0       		.byte	-64
 328 0130 6B       		.byte	107
 329 0131 01       		.byte	1
 330 0132 A1       		.byte	-95
 331 0133 01       		.byte	1
 332 0134 B7       		.byte	-73
 333 0135 01       		.byte	1
 334 0136 BF       		.byte	-65
 335 0137 40       		.byte	64
 336 0138 D4       		.byte	-44
 337 0139 20       		.byte	32
 338 013a D6       		.byte	-42
 339 013b 04       		.byte	4
 340 013c D9       		.byte	-39
 341 013d 04       		.byte	4
 342 013e DB       		.byte	-37
ARM GAS  C:\Users\lloyd\AppData\Local\Temp\ccpEnm9M.s 			page 7


 343 013f 04       		.byte	4
 344 0140 DF       		.byte	-33
 345 0141 01       		.byte	1
 346 0142 04       		.byte	4
 347 0143 08       		.byte	8
 348 0144 05       		.byte	5
 349 0145 10       		.byte	16
 350 0146 06       		.byte	6
 351 0147 04       		.byte	4
 352 0148 0E       		.byte	14
 353 0149 61       		.byte	97
 354 014a 15       		.byte	21
 355 014b 01       		.byte	1
 356 014c 17       		.byte	23
 357 014d 10       		.byte	16
 358 014e 1D       		.byte	29
 359 014f A0       		.byte	-96
 360 0150 1E       		.byte	30
 361 0151 84       		.byte	-124
 362 0152 20       		.byte	32
 363 0153 01       		.byte	1
 364 0154 25       		.byte	37
 365 0155 40       		.byte	64
 366 0156 26       		.byte	38
 367 0157 10       		.byte	16
 368 0158 27       		.byte	39
 369 0159 02       		.byte	2
 370 015a 2B       		.byte	43
 371 015b 40       		.byte	64
 372 015c 36       		.byte	54
 373 015d 02       		.byte	2
 374 015e 37       		.byte	55
 375 015f 01       		.byte	1
 376 0160 3D       		.byte	61
 377 0161 80       		.byte	-128
 378 0162 3E       		.byte	62
 379 0163 81       		.byte	-127
 380 0164 45       		.byte	69
 381 0165 A0       		.byte	-96
 382 0166 47       		.byte	71
 383 0167 02       		.byte	2
 384 0168 4E       		.byte	78
 385 0169 41       		.byte	65
 386 016a 4F       		.byte	79
 387 016b 80       		.byte	-128
 388 016c 54       		.byte	84
 389 016d 01       		.byte	1
 390 016e 56       		.byte	86
 391 016f 04       		.byte	4
 392 0170 57       		.byte	87
 393 0171 60       		.byte	96
 394 0172 5A       		.byte	90
 395 0173 02       		.byte	2
 396 0174 60       		.byte	96
 397 0175 85       		.byte	-123
 398 0176 62       		.byte	98
 399 0177 08       		.byte	8
ARM GAS  C:\Users\lloyd\AppData\Local\Temp\ccpEnm9M.s 			page 8


 400 0178 66       		.byte	102
 401 0179 80       		.byte	-128
 402 017a 6C       		.byte	108
 403 017b 04       		.byte	4
 404 017c 6D       		.byte	109
 405 017d 01       		.byte	1
 406 017e 6E       		.byte	110
 407 017f 40       		.byte	64
 408 0180 6F       		.byte	111
 409 0181 10       		.byte	16
 410 0182 7D       		.byte	125
 411 0183 02       		.byte	2
 412 0184 7E       		.byte	126
 413 0185 02       		.byte	2
 414 0186 8A       		.byte	-118
 415 0187 01       		.byte	1
 416 0188 8B       		.byte	-117
 417 0189 01       		.byte	1
 418 018a 8C       		.byte	-116
 419 018b 80       		.byte	-128
 420 018c 90       		.byte	-112
 421 018d 04       		.byte	4
 422 018e 91       		.byte	-111
 423 018f 02       		.byte	2
 424 0190 92       		.byte	-110
 425 0191 10       		.byte	16
 426 0192 95       		.byte	-107
 427 0193 20       		.byte	32
 428 0194 A4       		.byte	-92
 429 0195 0E       		.byte	14
 430 0196 A6       		.byte	-90
 431 0197 40       		.byte	64
 432 0198 B0       		.byte	-80
 433 0199 80       		.byte	-128
 434 019a C0       		.byte	-64
 435 019b 60       		.byte	96
 436 019c C2       		.byte	-62
 437 019d B0       		.byte	-80
 438 019e C4       		.byte	-60
 439 019f 50       		.byte	80
 440 01a0 CA       		.byte	-54
 441 01a1 01       		.byte	1
 442 01a2 CC       		.byte	-52
 443 01a3 80       		.byte	-128
 444 01a4 CE       		.byte	-50
 445 01a5 80       		.byte	-128
 446 01a6 D0       		.byte	-48
 447 01a7 B0       		.byte	-80
 448 01a8 D6       		.byte	-42
 449 01a9 01       		.byte	1
 450 01aa D8       		.byte	-40
 451 01ab 1F       		.byte	31
 452 01ac DE       		.byte	-34
 453 01ad 90       		.byte	-112
 454 01ae E2       		.byte	-30
 455 01af 10       		.byte	16
 456 01b0 E4       		.byte	-28
ARM GAS  C:\Users\lloyd\AppData\Local\Temp\ccpEnm9M.s 			page 9


 457 01b1 A0       		.byte	-96
 458 01b2 06       		.byte	6
 459 01b3 01       		.byte	1
 460 01b4 0B       		.byte	11
 461 01b5 02       		.byte	2
 462 01b6 11       		.byte	17
 463 01b7 02       		.byte	2
 464 01b8 17       		.byte	23
 465 01b9 01       		.byte	1
 466 01ba 2A       		.byte	42
 467 01bb 02       		.byte	2
 468 01bc 2E       		.byte	46
 469 01bd 02       		.byte	2
 470 01be 31       		.byte	49
 471 01bf 03       		.byte	3
 472 01c0 32       		.byte	50
 473 01c1 03       		.byte	3
 474 01c2 3E       		.byte	62
 475 01c3 04       		.byte	4
 476 01c4 3F       		.byte	63
 477 01c5 01       		.byte	1
 478 01c6 56       		.byte	86
 479 01c7 08       		.byte	8
 480 01c8 58       		.byte	88
 481 01c9 04       		.byte	4
 482 01ca 59       		.byte	89
 483 01cb 04       		.byte	4
 484 01cc 5B       		.byte	91
 485 01cd 04       		.byte	4
 486 01ce 5D       		.byte	93
 487 01cf 90       		.byte	-112
 488 01d0 5F       		.byte	95
 489 01d1 01       		.byte	1
 490 01d2 83       		.byte	-125
 491 01d3 01       		.byte	1
 492 01d4 9E       		.byte	-98
 493 01d5 01       		.byte	1
 494 01d6 AC       		.byte	-84
 495 01d7 01       		.byte	1
 496 01d8 B1       		.byte	-79
 497 01d9 01       		.byte	1
 498 01da B4       		.byte	-76
 499 01db 01       		.byte	1
 500 01dc BE       		.byte	-66
 501 01dd 10       		.byte	16
 502 01de D6       		.byte	-42
 503 01df 08       		.byte	8
 504 01e0 D8       		.byte	-40
 505 01e1 04       		.byte	4
 506 01e2 D9       		.byte	-39
 507 01e3 04       		.byte	4
 508 01e4 DB       		.byte	-37
 509 01e5 04       		.byte	4
 510 01e6 DF       		.byte	-33
 511 01e7 01       		.byte	1
 512 01e8 00       		.byte	0
 513 01e9 08       		.byte	8
ARM GAS  C:\Users\lloyd\AppData\Local\Temp\ccpEnm9M.s 			page 10


 514 01ea 0F       		.byte	15
 515 01eb 01       		.byte	1
 516 01ec 10       		.byte	16
 517 01ed 02       		.byte	2
 518 01ee 11       		.byte	17
 519 01ef 10       		.byte	16
 520 01f0 17       		.byte	23
 521 01f1 80       		.byte	-128
 522 01f2 1A       		.byte	26
 523 01f3 10       		.byte	16
 524 01f4 1C       		.byte	28
 525 01f5 04       		.byte	4
 526 01f6 21       		.byte	33
 527 01f7 01       		.byte	1
 528 01f8 27       		.byte	39
 529 01f9 80       		.byte	-128
 530 01fa 30       		.byte	48
 531 01fb 0A       		.byte	10
 532 01fc 39       		.byte	57
 533 01fd 30       		.byte	48
 534 01fe 3F       		.byte	63
 535 01ff 01       		.byte	1
 536 0200 58       		.byte	88
 537 0201 80       		.byte	-128
 538 0202 5E       		.byte	94
 539 0203 80       		.byte	-128
 540 0204 67       		.byte	103
 541 0205 01       		.byte	1
 542 0206 AF       		.byte	-81
 543 0207 40       		.byte	64
 544 0208 B5       		.byte	-75
 545 0209 01       		.byte	1
 546 020a C0       		.byte	-64
 547 020b 04       		.byte	4
 548 020c C2       		.byte	-62
 549 020d 80       		.byte	-128
 550 020e C4       		.byte	-60
 551 020f 83       		.byte	-125
 552 0210 CC       		.byte	-52
 553 0211 03       		.byte	3
 554 0212 CE       		.byte	-50
 555 0213 84       		.byte	-124
 556 0214 D6       		.byte	-42
 557 0215 18       		.byte	24
 558 0216 D8       		.byte	-40
 559 0217 10       		.byte	16
 560 0218 38       		.byte	56
 561 0219 82       		.byte	-126
 562 021a 3E       		.byte	62
 563 021b 41       		.byte	65
 564 021c 58       		.byte	88
 565 021d 04       		.byte	4
 566 021e 5F       		.byte	95
 567 021f 01       		.byte	1
 568 0220 1D       		.byte	29
 569 0221 01       		.byte	1
 570 0222 1F       		.byte	31
ARM GAS  C:\Users\lloyd\AppData\Local\Temp\ccpEnm9M.s 			page 11


 571 0223 40       		.byte	64
 572 0224 85       		.byte	-123
 573 0225 80       		.byte	-128
 574 0226 9D       		.byte	-99
 575 0227 80       		.byte	-128
 576 0228 B4       		.byte	-76
 577 0229 50       		.byte	80
 578 022a E2       		.byte	-30
 579 022b 20       		.byte	32
 580 022c E8       		.byte	-24
 581 022d 50       		.byte	80
 582 022e EC       		.byte	-20
 583 022f 02       		.byte	2
 584 0230 94       		.byte	-108
 585 0231 50       		.byte	80
 586 0232 9D       		.byte	-99
 587 0233 80       		.byte	-128
 588 0234 A9       		.byte	-87
 589 0235 80       		.byte	-128
 590 0236 B1       		.byte	-79
 591 0237 20       		.byte	32
 592 0238 B3       		.byte	-77
 593 0239 80       		.byte	-128
 594 023a B6       		.byte	-74
 595 023b 10       		.byte	16
 596 023c E2       		.byte	-30
 597 023d 08       		.byte	8
 598 023e E8       		.byte	-24
 599 023f 22       		.byte	34
 600 0240 EA       		.byte	-22
 601 0241 80       		.byte	-128
 602 0242 EC       		.byte	-20
 603 0243 01       		.byte	1
 604 0244 03       		.byte	3
 605 0245 02       		.byte	2
 606 0246 0B       		.byte	11
 607 0247 03       		.byte	3
 608 0248 15       		.byte	21
 609 0249 02       		.byte	2
 610 024a 24       		.byte	36
 611 024b 01       		.byte	1
 612 024c 2A       		.byte	42
 613 024d 01       		.byte	1
 614 024e 34       		.byte	52
 615 024f 01       		.byte	1
 616 0250 35       		.byte	53
 617 0251 01       		.byte	1
 618 0252 37       		.byte	55
 619 0253 02       		.byte	2
 620 0254 3E       		.byte	62
 621 0255 10       		.byte	16
 622 0256 3F       		.byte	63
 623 0257 40       		.byte	64
 624 0258 54       		.byte	84
 625 0259 41       		.byte	65
 626 025a 56       		.byte	86
 627 025b 04       		.byte	4
ARM GAS  C:\Users\lloyd\AppData\Local\Temp\ccpEnm9M.s 			page 12


 628 025c 58       		.byte	88
 629 025d 04       		.byte	4
 630 025e 59       		.byte	89
 631 025f 04       		.byte	4
 632 0260 5B       		.byte	91
 633 0261 04       		.byte	4
 634 0262 5F       		.byte	95
 635 0263 01       		.byte	1
 636 0264 87       		.byte	-121
 637 0265 09       		.byte	9
 638 0266 89       		.byte	-119
 639 0267 02       		.byte	2
 640 0268 8C       		.byte	-116
 641 0269 01       		.byte	1
 642 026a 93       		.byte	-109
 643 026b 02       		.byte	2
 644 026c 97       		.byte	-105
 645 026d 08       		.byte	8
 646 026e 9D       		.byte	-99
 647 026f 01       		.byte	1
 648 0270 9E       		.byte	-98
 649 0271 08       		.byte	8
 650 0272 9F       		.byte	-97
 651 0273 04       		.byte	4
 652 0274 A0       		.byte	-96
 653 0275 02       		.byte	2
 654 0276 A2       		.byte	-94
 655 0277 04       		.byte	4
 656 0278 A4       		.byte	-92
 657 0279 0A       		.byte	10
 658 027a A8       		.byte	-88
 659 027b 01       		.byte	1
 660 027c B0       		.byte	-80
 661 027d 02       		.byte	2
 662 027e B1       		.byte	-79
 663 027f 0C       		.byte	12
 664 0280 B2       		.byte	-78
 665 0281 01       		.byte	1
 666 0282 B3       		.byte	-77
 667 0283 01       		.byte	1
 668 0284 B4       		.byte	-76
 669 0285 0C       		.byte	12
 670 0286 B5       		.byte	-75
 671 0287 02       		.byte	2
 672 0288 BE       		.byte	-66
 673 0289 15       		.byte	21
 674 028a BF       		.byte	-65
 675 028b 15       		.byte	21
 676 028c D6       		.byte	-42
 677 028d 08       		.byte	8
 678 028e D8       		.byte	-40
 679 028f 04       		.byte	4
 680 0290 D9       		.byte	-39
 681 0291 04       		.byte	4
 682 0292 DB       		.byte	-37
 683 0293 04       		.byte	4
 684 0294 DF       		.byte	-33
ARM GAS  C:\Users\lloyd\AppData\Local\Temp\ccpEnm9M.s 			page 13


 685 0295 01       		.byte	1
 686 0296 03       		.byte	3
 687 0297 01       		.byte	1
 688 0298 0A       		.byte	10
 689 0299 02       		.byte	2
 690 029a 10       		.byte	16
 691 029b A8       		.byte	-88
 692 029c 16       		.byte	22
 693 029d 04       		.byte	4
 694 029e 17       		.byte	23
 695 029f 08       		.byte	8
 696 02a0 18       		.byte	24
 697 02a1 28       		.byte	40
 698 02a2 19       		.byte	25
 699 02a3 01       		.byte	1
 700 02a4 1F       		.byte	31
 701 02a5 10       		.byte	16
 702 02a6 20       		.byte	32
 703 02a7 60       		.byte	96
 704 02a8 23       		.byte	35
 705 02a9 04       		.byte	4
 706 02aa 26       		.byte	38
 707 02ab 40       		.byte	64
 708 02ac 27       		.byte	39
 709 02ad 08       		.byte	8
 710 02ae 30       		.byte	48
 711 02af 82       		.byte	-126
 712 02b0 33       		.byte	51
 713 02b1 08       		.byte	8
 714 02b2 37       		.byte	55
 715 02b3 08       		.byte	8
 716 02b4 39       		.byte	57
 717 02b5 14       		.byte	20
 718 02b6 3F       		.byte	63
 719 02b7 22       		.byte	34
 720 02b8 59       		.byte	89
 721 02b9 10       		.byte	16
 722 02ba 5A       		.byte	90
 723 02bb 84       		.byte	-124
 724 02bc 5C       		.byte	92
 725 02bd 20       		.byte	32
 726 02be 5E       		.byte	94
 727 02bf 88       		.byte	-120
 728 02c0 62       		.byte	98
 729 02c1 84       		.byte	-124
 730 02c2 63       		.byte	99
 731 02c3 2A       		.byte	42
 732 02c4 67       		.byte	103
 733 02c5 A0       		.byte	-96
 734 02c6 68       		.byte	104
 735 02c7 AE       		.byte	-82
 736 02c8 69       		.byte	105
 737 02c9 14       		.byte	20
 738 02ca 6B       		.byte	107
 739 02cb 01       		.byte	1
 740 02cc 7A       		.byte	122
 741 02cd 08       		.byte	8
ARM GAS  C:\Users\lloyd\AppData\Local\Temp\ccpEnm9M.s 			page 14


 742 02ce 7B       		.byte	123
 743 02cf 04       		.byte	4
 744 02d0 87       		.byte	-121
 745 02d1 40       		.byte	64
 746 02d2 8B       		.byte	-117
 747 02d3 04       		.byte	4
 748 02d4 8E       		.byte	-114
 749 02d5 84       		.byte	-124
 750 02d6 92       		.byte	-110
 751 02d7 94       		.byte	-108
 752 02d8 98       		.byte	-104
 753 02d9 20       		.byte	32
 754 02da 99       		.byte	-103
 755 02db 10       		.byte	16
 756 02dc A4       		.byte	-92
 757 02dd 0E       		.byte	14
 758 02de A6       		.byte	-90
 759 02df 08       		.byte	8
 760 02e0 A9       		.byte	-87
 761 02e1 01       		.byte	1
 762 02e2 AC       		.byte	-84
 763 02e3 21       		.byte	33
 764 02e4 AD       		.byte	-83
 765 02e5 11       		.byte	17
 766 02e6 B7       		.byte	-73
 767 02e7 20       		.byte	32
 768 02e8 C0       		.byte	-64
 769 02e9 01       		.byte	1
 770 02ea C2       		.byte	-62
 771 02eb 01       		.byte	1
 772 02ec C4       		.byte	-60
 773 02ed 6E       		.byte	110
 774 02ee CC       		.byte	-52
 775 02ef 4B       		.byte	75
 776 02f0 CE       		.byte	-50
 777 02f1 A6       		.byte	-90
 778 02f2 D6       		.byte	-42
 779 02f3 7E       		.byte	126
 780 02f4 D8       		.byte	-40
 781 02f5 CE       		.byte	-50
 782 02f6 E8       		.byte	-24
 783 02f7 20       		.byte	32
 784 02f8 EA       		.byte	-22
 785 02f9 40       		.byte	64
 786 02fa EC       		.byte	-20
 787 02fb 02       		.byte	2
 788 02fc 88       		.byte	-120
 789 02fd 10       		.byte	16
 790 02fe 8C       		.byte	-116
 791 02ff 04       		.byte	4
 792 0300 90       		.byte	-112
 793 0301 08       		.byte	8
 794 0302 A0       		.byte	-96
 795 0303 10       		.byte	16
 796 0304 A8       		.byte	-88
 797 0305 40       		.byte	64
 798 0306 A9       		.byte	-87
ARM GAS  C:\Users\lloyd\AppData\Local\Temp\ccpEnm9M.s 			page 15


 799 0307 01       		.byte	1
 800 0308 AA       		.byte	-86
 801 0309 10       		.byte	16
 802 030a AE       		.byte	-82
 803 030b 01       		.byte	1
 804 030c AF       		.byte	-81
 805 030d 08       		.byte	8
 806 030e B4       		.byte	-76
 807 030f 10       		.byte	16
 808 0310 E2       		.byte	-30
 809 0311 20       		.byte	32
 810 0312 E8       		.byte	-24
 811 0313 05       		.byte	5
 812 0314 EC       		.byte	-20
 813 0315 04       		.byte	4
 814 0316 39       		.byte	57
 815 0317 08       		.byte	8
 816 0318 3F       		.byte	63
 817 0319 20       		.byte	32
 818 031a CE       		.byte	-50
 819 031b 60       		.byte	96
 820 031c 95       		.byte	-107
 821 031d 08       		.byte	8
 822 031e A7       		.byte	-89
 823 031f 10       		.byte	16
 824 0320 5B       		.byte	91
 825 0321 08       		.byte	8
 826 0322 5F       		.byte	95
 827 0323 08       		.byte	8
 828 0324 95       		.byte	-107
 829 0325 08       		.byte	8
 830 0326 9B       		.byte	-101
 831 0327 08       		.byte	8
 832 0328 A7       		.byte	-89
 833 0329 10       		.byte	16
 834 032a AF       		.byte	-81
 835 032b 08       		.byte	8
 836 032c D6       		.byte	-42
 837 032d C0       		.byte	-64
 838 032e EA       		.byte	-22
 839 032f 10       		.byte	16
 840 0330 1B       		.byte	27
 841 0331 08       		.byte	8
 842 0332 1C       		.byte	28
 843 0333 80       		.byte	-128
 844 0334 8F       		.byte	-113
 845 0335 10       		.byte	16
 846 0336 95       		.byte	-107
 847 0337 08       		.byte	8
 848 0338 A7       		.byte	-89
 849 0339 10       		.byte	16
 850 033a C6       		.byte	-58
 851 033b 30       		.byte	48
 852 033c 0B       		.byte	11
 853 033d 40       		.byte	64
 854 033e 65       		.byte	101
 855 033f 20       		.byte	32
ARM GAS  C:\Users\lloyd\AppData\Local\Temp\ccpEnm9M.s 			page 16


 856 0340 C2       		.byte	-62
 857 0341 08       		.byte	8
 858 0342 D8       		.byte	-40
 859 0343 01       		.byte	1
 860 0344 93       		.byte	-109
 861 0345 40       		.byte	64
 862 0346 9D       		.byte	-99
 863 0347 20       		.byte	32
 864 0348 50       		.byte	80
 865 0349 10       		.byte	16
 866 034a 90       		.byte	-112
 867 034b 20       		.byte	32
 868 034c 93       		.byte	-109
 869 034d 40       		.byte	64
 870 034e 9D       		.byte	-99
 871 034f 20       		.byte	32
 872 0350 B4       		.byte	-76
 873 0351 10       		.byte	16
 874 0352 D4       		.byte	-44
 875 0353 04       		.byte	4
 876 0354 EC       		.byte	-20
 877 0355 02       		.byte	2
 878 0356 93       		.byte	-109
 879 0357 40       		.byte	64
 880 0358 9D       		.byte	-99
 881 0359 20       		.byte	32
 882 035a B3       		.byte	-77
 883 035b 40       		.byte	64
 884 035c EA       		.byte	-22
 885 035d 04       		.byte	4
 886 035e 85       		.byte	-123
 887 035f 04       		.byte	4
 888 0360 95       		.byte	-107
 889 0361 08       		.byte	8
 890 0362 A2       		.byte	-94
 891 0363 80       		.byte	-128
 892 0364 A3       		.byte	-93
 893 0365 08       		.byte	8
 894 0366 A6       		.byte	-90
 895 0367 20       		.byte	32
 896 0368 AC       		.byte	-84
 897 0369 40       		.byte	64
 898 036a B2       		.byte	-78
 899 036b A0       		.byte	-96
 900 036c E2       		.byte	-30
 901 036d 10       		.byte	16
 902 036e E8       		.byte	-24
 903 036f 40       		.byte	64
 904 0370 01       		.byte	1
 905 0371 20       		.byte	32
 906 0372 02       		.byte	2
 907 0373 20       		.byte	32
 908 0374 0A       		.byte	10
 909 0375 20       		.byte	32
 910 0376 0F       		.byte	15
 911 0377 10       		.byte	16
 912 0378 51       		.byte	81
ARM GAS  C:\Users\lloyd\AppData\Local\Temp\ccpEnm9M.s 			page 17


 913 0379 01       		.byte	1
 914 037a 52       		.byte	82
 915 037b 80       		.byte	-128
 916 037c 87       		.byte	-121
 917 037d 10       		.byte	16
 918 037e 89       		.byte	-119
 919 037f 01       		.byte	1
 920 0380 96       		.byte	-106
 921 0381 20       		.byte	32
 922 0382 9D       		.byte	-99
 923 0383 20       		.byte	32
 924 0384 A2       		.byte	-94
 925 0385 80       		.byte	-128
 926 0386 A6       		.byte	-90
 927 0387 20       		.byte	32
 928 0388 AF       		.byte	-81
 929 0389 08       		.byte	8
 930 038a B5       		.byte	-75
 931 038b 20       		.byte	32
 932 038c B6       		.byte	-74
 933 038d 10       		.byte	16
 934 038e C0       		.byte	-64
 935 038f 50       		.byte	80
 936 0390 C2       		.byte	-62
 937 0391 30       		.byte	48
 938 0392 D4       		.byte	-44
 939 0393 A0       		.byte	-96
 940 0394 E0       		.byte	-32
 941 0395 10       		.byte	16
 942 0396 EC       		.byte	-20
 943 0397 40       		.byte	64
 944 0398 88       		.byte	-120
 945 0399 40       		.byte	64
 946 039a 92       		.byte	-110
 947 039b 02       		.byte	2
 948 039c 93       		.byte	-109
 949 039d 40       		.byte	64
 950 039e AE       		.byte	-82
 951 039f 01       		.byte	1
 952 03a0 B1       		.byte	-79
 953 03a1 20       		.byte	32
 954 03a2 E4       		.byte	-28
 955 03a3 04       		.byte	4
 956 03a4 E8       		.byte	-24
 957 03a5 04       		.byte	4
 958 03a6 52       		.byte	82
 959 03a7 40       		.byte	64
 960 03a8 54       		.byte	84
 961 03a9 40       		.byte	64
 962 03aa 57       		.byte	87
 963 03ab 02       		.byte	2
 964 03ac 59       		.byte	89
 965 03ad 80       		.byte	-128
 966 03ae 5A       		.byte	90
 967 03af 02       		.byte	2
 968 03b0 5E       		.byte	94
 969 03b1 02       		.byte	2
ARM GAS  C:\Users\lloyd\AppData\Local\Temp\ccpEnm9M.s 			page 18


 970 03b2 61       		.byte	97
 971 03b3 02       		.byte	2
 972 03b4 66       		.byte	102
 973 03b5 02       		.byte	2
 974 03b6 8A       		.byte	-118
 975 03b7 40       		.byte	64
 976 03b8 8B       		.byte	-117
 977 03b9 40       		.byte	64
 978 03ba 8E       		.byte	-114
 979 03bb 01       		.byte	1
 980 03bc 92       		.byte	-110
 981 03bd 02       		.byte	2
 982 03be 93       		.byte	-109
 983 03bf 40       		.byte	64
 984 03c0 99       		.byte	-103
 985 03c1 80       		.byte	-128
 986 03c2 9A       		.byte	-102
 987 03c3 02       		.byte	2
 988 03c4 A0       		.byte	-96
 989 03c5 40       		.byte	64
 990 03c6 A1       		.byte	-95
 991 03c7 02       		.byte	2
 992 03c8 A3       		.byte	-93
 993 03c9 02       		.byte	2
 994 03ca A9       		.byte	-87
 995 03cb 82       		.byte	-126
 996 03cc AA       		.byte	-86
 997 03cd 02       		.byte	2
 998 03ce B7       		.byte	-73
 999 03cf 02       		.byte	2
 1000 03d0 D4       		.byte	-44
 1001 03d1 07       		.byte	7
 1002 03d2 D6       		.byte	-42
 1003 03d3 07       		.byte	7
 1004 03d4 D8       		.byte	-40
 1005 03d5 03       		.byte	3
 1006 03d6 E0       		.byte	-32
 1007 03d7 08       		.byte	8
 1008 03d8 E2       		.byte	-30
 1009 03d9 04       		.byte	4
 1010 03da E4       		.byte	-28
 1011 03db 01       		.byte	1
 1012 03dc EC       		.byte	-20
 1013 03dd 02       		.byte	2
 1014 03de 00       		.byte	0
 1015 03df 01       		.byte	1
 1016 03e0 01       		.byte	1
 1017 03e1 01       		.byte	1
 1018 03e2 0B       		.byte	11
 1019 03e3 01       		.byte	1
 1020 03e4 0C       		.byte	12
 1021 03e5 01       		.byte	1
 1022 03e6 0D       		.byte	13
 1023 03e7 01       		.byte	1
 1024 03e8 10       		.byte	16
 1025 03e9 01       		.byte	1
 1026 03ea 1C       		.byte	28
ARM GAS  C:\Users\lloyd\AppData\Local\Temp\ccpEnm9M.s 			page 19


 1027 03eb 01       		.byte	1
 1028 03ec 00       		.byte	0
 1029 03ed 01       		.byte	1
 1030 03ee 10       		.byte	16
 1031 03ef 0A       		.byte	10
 1032 03f0 00       		.byte	0
 1033 03f1 0C       		.byte	12
 1034 03f2 0C       		.byte	12
 1035 03f3 00       		.byte	0
 1036 03f4 00       		.byte	0
 1037 03f5 00       		.byte	0
 1038 03f6 00       		.byte	0
 1039 03f7 00       		.byte	0
 1040 03f8 00       		.byte	0
 1041 03f9 30       		.byte	48
 1042 03fa 30       		.byte	48
 1043 03fb 00       		.byte	0
 1044 03fc 30       		.byte	48
 1045 03fd 00       		.byte	0
 1046 03fe 00       		.byte	0
 1047 03ff 00       		.byte	0
 1048 0400 35       		.byte	53
 1049 0401 0A       		.byte	10
 1050 0402 0A       		.byte	10
 1051 0403 00       		.byte	0
 1052 0404 0A       		.byte	10
 1053 0405 00       		.byte	0
 1054 0406 00       		.byte	0
 1055 0407 00       		.byte	0
 1056 0408 00       		.byte	0
 1057 0409 F0       		.byte	-16
 1058 040a F0       		.byte	-16
 1059 040b 00       		.byte	0
 1060 040c 00       		.byte	0
 1061 040d 00       		.byte	0
 1062 040e 00       		.byte	0
 1063 040f 00       		.byte	0
 1064 0410 00       		.byte	0
 1065 0411 FF       		.byte	-1
 1066 0412 FF       		.byte	-1
 1067 0413 00       		.byte	0
 1068 0414 FF       		.byte	-1
 1069 0415 00       		.byte	0
 1070 0416 00       		.byte	0
 1071 0417 00       		.byte	0
 1072 0418 30       		.byte	48
 1073 0419 C3       		.byte	-61
 1074 041a C3       		.byte	-61
 1075 041b 00       		.byte	0
 1076 041c C0       		.byte	-64
 1077 041d 00       		.byte	0
 1078 041e 00       		.byte	0
 1079 041f 00       		.byte	0
 1080              		.global	cy_meta_custnvl
 1081              		.section	.cycustnvl,"a",%progbits
 1082              		.align	2
 1083              		.type	cy_meta_custnvl, %object
ARM GAS  C:\Users\lloyd\AppData\Local\Temp\ccpEnm9M.s 			page 20


 1084              		.size	cy_meta_custnvl, 4
 1085              	cy_meta_custnvl:
 1086 0000 00       		.byte	0
 1087 0001 00       		.byte	0
 1088 0002 40       		.byte	64
 1089 0003 05       		.byte	5
 1090              		.global	cy_meta_wonvl
 1091              		.section	.cywolatch,"a",%progbits
 1092              		.align	2
 1093              		.type	cy_meta_wonvl, %object
 1094              		.size	cy_meta_wonvl, 4
 1095              	cy_meta_wonvl:
 1096 0000 BC       		.byte	-68
 1097 0001 90       		.byte	-112
 1098 0002 AC       		.byte	-84
 1099 0003 AF       		.byte	-81
 1100              		.global	cy_meta_flashprotect
 1101              		.section	.cyflashprotect,"a",%progbits
 1102              		.align	2
 1103              		.type	cy_meta_flashprotect, %object
 1104              		.size	cy_meta_flashprotect, 256
 1105              	cy_meta_flashprotect:
 1106 0000 00000000 		.space	256
 1106      00000000 
 1106      00000000 
 1106      00000000 
 1106      00000000 
 1107              		.global	cy_metadata
 1108              		.section	.cymeta,"a",%progbits
 1109              		.align	2
 1110              		.type	cy_metadata, %object
 1111              		.size	cy_metadata, 12
 1112              	cy_metadata:
 1113 0000 00       		.byte	0
 1114 0001 01       		.byte	1
 1115 0002 2E       		.byte	46
 1116 0003 12       		.byte	18
 1117 0004 00       		.byte	0
 1118 0005 69       		.byte	105
 1119 0006 00       		.byte	0
 1120 0007 01       		.byte	1
 1121 0008 00       		.byte	0
 1122 0009 00       		.byte	0
 1123 000a 00       		.byte	0
 1124 000b 00       		.byte	0
 1125              		.text
 1126              	.Letext0:
 1127              		.file 1 ".\\Generated_Source\\PSoC5\\cymetadata.c"
 1128              		.file 2 ".\\Generated_Source\\PSoC5\\cytypes.h"
 1129              		.section	.debug_info,"",%progbits
 1130              	.Ldebug_info0:
 1131 0000 3B010000 		.4byte	0x13b
 1132 0004 0200     		.2byte	0x2
 1133 0006 00000000 		.4byte	.Ldebug_abbrev0
 1134 000a 04       		.byte	0x4
 1135 000b 01       		.uleb128 0x1
 1136 000c 2F010000 		.4byte	.LASF18
ARM GAS  C:\Users\lloyd\AppData\Local\Temp\ccpEnm9M.s 			page 21


 1137 0010 01       		.byte	0x1
 1138 0011 28000000 		.4byte	.LASF19
 1139 0015 00000000 		.4byte	.LASF20
 1140 0019 00000000 		.4byte	.Ldebug_line0
 1141 001d 02       		.uleb128 0x2
 1142 001e 01       		.byte	0x1
 1143 001f 06       		.byte	0x6
 1144 0020 81010000 		.4byte	.LASF0
 1145 0024 02       		.uleb128 0x2
 1146 0025 01       		.byte	0x1
 1147 0026 08       		.byte	0x8
 1148 0027 60000000 		.4byte	.LASF1
 1149 002b 02       		.uleb128 0x2
 1150 002c 02       		.byte	0x2
 1151 002d 05       		.byte	0x5
 1152 002e 1F010000 		.4byte	.LASF2
 1153 0032 02       		.uleb128 0x2
 1154 0033 02       		.byte	0x2
 1155 0034 07       		.byte	0x7
 1156 0035 80000000 		.4byte	.LASF3
 1157 0039 02       		.uleb128 0x2
 1158 003a 04       		.byte	0x4
 1159 003b 05       		.byte	0x5
 1160 003c 78010000 		.4byte	.LASF4
 1161 0040 02       		.uleb128 0x2
 1162 0041 04       		.byte	0x4
 1163 0042 07       		.byte	0x7
 1164 0043 6E000000 		.4byte	.LASF5
 1165 0047 02       		.uleb128 0x2
 1166 0048 08       		.byte	0x8
 1167 0049 05       		.byte	0x5
 1168 004a 0C010000 		.4byte	.LASF6
 1169 004e 02       		.uleb128 0x2
 1170 004f 08       		.byte	0x8
 1171 0050 07       		.byte	0x7
 1172 0051 C9000000 		.4byte	.LASF7
 1173 0055 03       		.uleb128 0x3
 1174 0056 04       		.byte	0x4
 1175 0057 05       		.byte	0x5
 1176 0058 696E7400 		.ascii	"int\000"
 1177 005c 02       		.uleb128 0x2
 1178 005d 04       		.byte	0x4
 1179 005e 07       		.byte	0x7
 1180 005f BC000000 		.4byte	.LASF8
 1181 0063 04       		.uleb128 0x4
 1182 0064 29010000 		.4byte	.LASF21
 1183 0068 02       		.byte	0x2
 1184 0069 5B       		.byte	0x5b
 1185 006a 24000000 		.4byte	0x24
 1186 006e 02       		.uleb128 0x2
 1187 006f 04       		.byte	0x4
 1188 0070 04       		.byte	0x4
 1189 0071 5A000000 		.4byte	.LASF9
 1190 0075 02       		.uleb128 0x2
 1191 0076 08       		.byte	0x8
 1192 0077 04       		.byte	0x4
 1193 0078 93000000 		.4byte	.LASF10
ARM GAS  C:\Users\lloyd\AppData\Local\Temp\ccpEnm9M.s 			page 22


 1194 007c 02       		.uleb128 0x2
 1195 007d 01       		.byte	0x1
 1196 007e 08       		.byte	0x8
 1197 007f 1A010000 		.4byte	.LASF11
 1198 0083 05       		.uleb128 0x5
 1199 0084 63000000 		.4byte	0x63
 1200 0088 94000000 		.4byte	0x94
 1201 008c 06       		.uleb128 0x6
 1202 008d 94000000 		.4byte	0x94
 1203 0091 1F04     		.2byte	0x41f
 1204 0093 00       		.byte	0
 1205 0094 02       		.uleb128 0x2
 1206 0095 04       		.byte	0x4
 1207 0096 07       		.byte	0x7
 1208 0097 03010000 		.4byte	.LASF12
 1209 009b 07       		.uleb128 0x7
 1210 009c AA000000 		.4byte	.LASF13
 1211 00a0 01       		.byte	0x1
 1212 00a1 1C       		.byte	0x1c
 1213 00a2 AD000000 		.4byte	0xad
 1214 00a6 01       		.byte	0x1
 1215 00a7 05       		.byte	0x5
 1216 00a8 03       		.byte	0x3
 1217 00a9 00000000 		.4byte	cy_meta_configecc
 1218 00ad 08       		.uleb128 0x8
 1219 00ae 83000000 		.4byte	0x83
 1220 00b2 05       		.uleb128 0x5
 1221 00b3 63000000 		.4byte	0x63
 1222 00b7 C2000000 		.4byte	0xc2
 1223 00bb 09       		.uleb128 0x9
 1224 00bc 94000000 		.4byte	0x94
 1225 00c0 03       		.byte	0x3
 1226 00c1 00       		.byte	0
 1227 00c2 07       		.uleb128 0x7
 1228 00c3 9A000000 		.4byte	.LASF14
 1229 00c7 01       		.byte	0x1
 1230 00c8 AA       		.byte	0xaa
 1231 00c9 D4000000 		.4byte	0xd4
 1232 00cd 01       		.byte	0x1
 1233 00ce 05       		.byte	0x5
 1234 00cf 03       		.byte	0x3
 1235 00d0 00000000 		.4byte	cy_meta_custnvl
 1236 00d4 08       		.uleb128 0x8
 1237 00d5 B2000000 		.4byte	0xb2
 1238 00d9 07       		.uleb128 0x7
 1239 00da F5000000 		.4byte	.LASF15
 1240 00de 01       		.byte	0x1
 1241 00df B5       		.byte	0xb5
 1242 00e0 EB000000 		.4byte	0xeb
 1243 00e4 01       		.byte	0x1
 1244 00e5 05       		.byte	0x5
 1245 00e6 03       		.byte	0x3
 1246 00e7 00000000 		.4byte	cy_meta_wonvl
 1247 00eb 08       		.uleb128 0x8
 1248 00ec B2000000 		.4byte	0xb2
 1249 00f0 05       		.uleb128 0x5
 1250 00f1 63000000 		.4byte	0x63
ARM GAS  C:\Users\lloyd\AppData\Local\Temp\ccpEnm9M.s 			page 23


 1251 00f5 00010000 		.4byte	0x100
 1252 00f9 09       		.uleb128 0x9
 1253 00fa 94000000 		.4byte	0x94
 1254 00fe FF       		.byte	0xff
 1255 00ff 00       		.byte	0
 1256 0100 07       		.uleb128 0x7
 1257 0101 E0000000 		.4byte	.LASF16
 1258 0105 01       		.byte	0x1
 1259 0106 C0       		.byte	0xc0
 1260 0107 12010000 		.4byte	0x112
 1261 010b 01       		.byte	0x1
 1262 010c 05       		.byte	0x5
 1263 010d 03       		.byte	0x3
 1264 010e 00000000 		.4byte	cy_meta_flashprotect
 1265 0112 08       		.uleb128 0x8
 1266 0113 F0000000 		.4byte	0xf0
 1267 0117 05       		.uleb128 0x5
 1268 0118 63000000 		.4byte	0x63
 1269 011c 27010000 		.4byte	0x127
 1270 0120 09       		.uleb128 0x9
 1271 0121 94000000 		.4byte	0x94
 1272 0125 0B       		.byte	0xb
 1273 0126 00       		.byte	0
 1274 0127 07       		.uleb128 0x7
 1275 0128 4E000000 		.4byte	.LASF17
 1276 012c 01       		.byte	0x1
 1277 012d EA       		.byte	0xea
 1278 012e 39010000 		.4byte	0x139
 1279 0132 01       		.byte	0x1
 1280 0133 05       		.byte	0x5
 1281 0134 03       		.byte	0x3
 1282 0135 00000000 		.4byte	cy_metadata
 1283 0139 08       		.uleb128 0x8
 1284 013a 17010000 		.4byte	0x117
 1285 013e 00       		.byte	0
 1286              		.section	.debug_abbrev,"",%progbits
 1287              	.Ldebug_abbrev0:
 1288 0000 01       		.uleb128 0x1
 1289 0001 11       		.uleb128 0x11
 1290 0002 01       		.byte	0x1
 1291 0003 25       		.uleb128 0x25
 1292 0004 0E       		.uleb128 0xe
 1293 0005 13       		.uleb128 0x13
 1294 0006 0B       		.uleb128 0xb
 1295 0007 03       		.uleb128 0x3
 1296 0008 0E       		.uleb128 0xe
 1297 0009 1B       		.uleb128 0x1b
 1298 000a 0E       		.uleb128 0xe
 1299 000b 10       		.uleb128 0x10
 1300 000c 06       		.uleb128 0x6
 1301 000d 00       		.byte	0
 1302 000e 00       		.byte	0
 1303 000f 02       		.uleb128 0x2
 1304 0010 24       		.uleb128 0x24
 1305 0011 00       		.byte	0
 1306 0012 0B       		.uleb128 0xb
 1307 0013 0B       		.uleb128 0xb
ARM GAS  C:\Users\lloyd\AppData\Local\Temp\ccpEnm9M.s 			page 24


 1308 0014 3E       		.uleb128 0x3e
 1309 0015 0B       		.uleb128 0xb
 1310 0016 03       		.uleb128 0x3
 1311 0017 0E       		.uleb128 0xe
 1312 0018 00       		.byte	0
 1313 0019 00       		.byte	0
 1314 001a 03       		.uleb128 0x3
 1315 001b 24       		.uleb128 0x24
 1316 001c 00       		.byte	0
 1317 001d 0B       		.uleb128 0xb
 1318 001e 0B       		.uleb128 0xb
 1319 001f 3E       		.uleb128 0x3e
 1320 0020 0B       		.uleb128 0xb
 1321 0021 03       		.uleb128 0x3
 1322 0022 08       		.uleb128 0x8
 1323 0023 00       		.byte	0
 1324 0024 00       		.byte	0
 1325 0025 04       		.uleb128 0x4
 1326 0026 16       		.uleb128 0x16
 1327 0027 00       		.byte	0
 1328 0028 03       		.uleb128 0x3
 1329 0029 0E       		.uleb128 0xe
 1330 002a 3A       		.uleb128 0x3a
 1331 002b 0B       		.uleb128 0xb
 1332 002c 3B       		.uleb128 0x3b
 1333 002d 0B       		.uleb128 0xb
 1334 002e 49       		.uleb128 0x49
 1335 002f 13       		.uleb128 0x13
 1336 0030 00       		.byte	0
 1337 0031 00       		.byte	0
 1338 0032 05       		.uleb128 0x5
 1339 0033 01       		.uleb128 0x1
 1340 0034 01       		.byte	0x1
 1341 0035 49       		.uleb128 0x49
 1342 0036 13       		.uleb128 0x13
 1343 0037 01       		.uleb128 0x1
 1344 0038 13       		.uleb128 0x13
 1345 0039 00       		.byte	0
 1346 003a 00       		.byte	0
 1347 003b 06       		.uleb128 0x6
 1348 003c 21       		.uleb128 0x21
 1349 003d 00       		.byte	0
 1350 003e 49       		.uleb128 0x49
 1351 003f 13       		.uleb128 0x13
 1352 0040 2F       		.uleb128 0x2f
 1353 0041 05       		.uleb128 0x5
 1354 0042 00       		.byte	0
 1355 0043 00       		.byte	0
 1356 0044 07       		.uleb128 0x7
 1357 0045 34       		.uleb128 0x34
 1358 0046 00       		.byte	0
 1359 0047 03       		.uleb128 0x3
 1360 0048 0E       		.uleb128 0xe
 1361 0049 3A       		.uleb128 0x3a
 1362 004a 0B       		.uleb128 0xb
 1363 004b 3B       		.uleb128 0x3b
 1364 004c 0B       		.uleb128 0xb
ARM GAS  C:\Users\lloyd\AppData\Local\Temp\ccpEnm9M.s 			page 25


 1365 004d 49       		.uleb128 0x49
 1366 004e 13       		.uleb128 0x13
 1367 004f 3F       		.uleb128 0x3f
 1368 0050 0C       		.uleb128 0xc
 1369 0051 02       		.uleb128 0x2
 1370 0052 0A       		.uleb128 0xa
 1371 0053 00       		.byte	0
 1372 0054 00       		.byte	0
 1373 0055 08       		.uleb128 0x8
 1374 0056 26       		.uleb128 0x26
 1375 0057 00       		.byte	0
 1376 0058 49       		.uleb128 0x49
 1377 0059 13       		.uleb128 0x13
 1378 005a 00       		.byte	0
 1379 005b 00       		.byte	0
 1380 005c 09       		.uleb128 0x9
 1381 005d 21       		.uleb128 0x21
 1382 005e 00       		.byte	0
 1383 005f 49       		.uleb128 0x49
 1384 0060 13       		.uleb128 0x13
 1385 0061 2F       		.uleb128 0x2f
 1386 0062 0B       		.uleb128 0xb
 1387 0063 00       		.byte	0
 1388 0064 00       		.byte	0
 1389 0065 00       		.byte	0
 1390              		.section	.debug_aranges,"",%progbits
 1391 0000 14000000 		.4byte	0x14
 1392 0004 0200     		.2byte	0x2
 1393 0006 00000000 		.4byte	.Ldebug_info0
 1394 000a 04       		.byte	0x4
 1395 000b 00       		.byte	0
 1396 000c 0000     		.2byte	0
 1397 000e 0000     		.2byte	0
 1398 0010 00000000 		.4byte	0
 1399 0014 00000000 		.4byte	0
 1400              		.section	.debug_line,"",%progbits
 1401              	.Ldebug_line0:
 1402 0000 4F000000 		.section	.debug_str,"MS",%progbits,1
 1402      02004900 
 1402      00000201 
 1402      FB0E0D00 
 1402      01010101 
 1403              	.LASF20:
 1404 0000 433A5C47 		.ascii	"C:\\GitHub\\RPi-Dev\\BotPsoc\\BotPsoc.cydsn\000"
 1404      69744875 
 1404      625C5250 
 1404      692D4465 
 1404      765C426F 
 1405              	.LASF19:
 1406 0028 2E5C4765 		.ascii	".\\Generated_Source\\PSoC5\\cymetadata.c\000"
 1406      6E657261 
 1406      7465645F 
 1406      536F7572 
 1406      63655C50 
 1407              	.LASF17:
 1408 004e 63795F6D 		.ascii	"cy_metadata\000"
 1408      65746164 
ARM GAS  C:\Users\lloyd\AppData\Local\Temp\ccpEnm9M.s 			page 26


 1408      61746100 
 1409              	.LASF9:
 1410 005a 666C6F61 		.ascii	"float\000"
 1410      7400
 1411              	.LASF1:
 1412 0060 756E7369 		.ascii	"unsigned char\000"
 1412      676E6564 
 1412      20636861 
 1412      7200
 1413              	.LASF5:
 1414 006e 6C6F6E67 		.ascii	"long unsigned int\000"
 1414      20756E73 
 1414      69676E65 
 1414      6420696E 
 1414      7400
 1415              	.LASF3:
 1416 0080 73686F72 		.ascii	"short unsigned int\000"
 1416      7420756E 
 1416      7369676E 
 1416      65642069 
 1416      6E7400
 1417              	.LASF10:
 1418 0093 646F7562 		.ascii	"double\000"
 1418      6C6500
 1419              	.LASF14:
 1420 009a 63795F6D 		.ascii	"cy_meta_custnvl\000"
 1420      6574615F 
 1420      63757374 
 1420      6E766C00 
 1421              	.LASF13:
 1422 00aa 63795F6D 		.ascii	"cy_meta_configecc\000"
 1422      6574615F 
 1422      636F6E66 
 1422      69676563 
 1422      6300
 1423              	.LASF8:
 1424 00bc 756E7369 		.ascii	"unsigned int\000"
 1424      676E6564 
 1424      20696E74 
 1424      00
 1425              	.LASF7:
 1426 00c9 6C6F6E67 		.ascii	"long long unsigned int\000"
 1426      206C6F6E 
 1426      6720756E 
 1426      7369676E 
 1426      65642069 
 1427              	.LASF16:
 1428 00e0 63795F6D 		.ascii	"cy_meta_flashprotect\000"
 1428      6574615F 
 1428      666C6173 
 1428      6870726F 
 1428      74656374 
 1429              	.LASF15:
 1430 00f5 63795F6D 		.ascii	"cy_meta_wonvl\000"
 1430      6574615F 
 1430      776F6E76 
 1430      6C00
ARM GAS  C:\Users\lloyd\AppData\Local\Temp\ccpEnm9M.s 			page 27


 1431              	.LASF12:
 1432 0103 73697A65 		.ascii	"sizetype\000"
 1432      74797065 
 1432      00
 1433              	.LASF6:
 1434 010c 6C6F6E67 		.ascii	"long long int\000"
 1434      206C6F6E 
 1434      6720696E 
 1434      7400
 1435              	.LASF11:
 1436 011a 63686172 		.ascii	"char\000"
 1436      00
 1437              	.LASF2:
 1438 011f 73686F72 		.ascii	"short int\000"
 1438      7420696E 
 1438      7400
 1439              	.LASF21:
 1440 0129 75696E74 		.ascii	"uint8\000"
 1440      3800
 1441              	.LASF18:
 1442 012f 474E5520 		.ascii	"GNU C 4.7.3 20130312 (release) [ARM/embedded-4_7-br"
 1442      4320342E 
 1442      372E3320 
 1442      32303133 
 1442      30333132 
 1443 0162 616E6368 		.ascii	"anch revision 196615]\000"
 1443      20726576 
 1443      6973696F 
 1443      6E203139 
 1443      36363135 
 1444              	.LASF4:
 1445 0178 6C6F6E67 		.ascii	"long int\000"
 1445      20696E74 
 1445      00
 1446              	.LASF0:
 1447 0181 7369676E 		.ascii	"signed char\000"
 1447      65642063 
 1447      68617200 
 1448              		.ident	"GCC: (GNU Tools for ARM Embedded Processors) 4.7.3 20130312 (release) [ARM/embedded-4_7-br
